[0mGET /home [32m200[0m 201.759 ms - 56340[0m
[0mGET /post/delete/5eea5f71eb728484f0dd33fe [32m200[0m 47.569 ms - 72[0m
[0mGET /post/new-post [36m304[0m 50.210 ms - -[0m
[0mPOST /post/create-post [36m302[0m 60.603 ms - 54[0m
[0mGET /home [32m200[0m 109.779 ms - 56340[0m
[0mGET /post/delete/5eea6231fbed1f10a825de31 [32m200[0m 78.818 ms - 72[0m
[0mGET /post/new-post [36m304[0m 74.283 ms - -[0m
[0mPOST /post/create-post [36m302[0m 40.851 ms - 54[0m
[0mGET /home [32m200[0m 6533.724 ms - 56340[0m
[0mGET /post/delete/5eea631bce128c770ce545e6 [32m200[0m 115.280 ms - 72[0m
[0mGET /post/new-post [36m304[0m 58.019 ms - -[0m
[0mPOST /post/create-post [36m302[0m 41.036 ms - 54[0m
[0mGET /home [32m200[0m 19097.647 ms - 56341[0m
[0mGET /post/delete/5eea638a5afb4a21e836c37b [32m200[0m 83.936 ms - 72[0m
[0mGET /post/new-post [36m304[0m 57.194 ms - -[0m
[0mPOST /post/create-post [36m302[0m 57.086 ms - 54[0m
[0mGET /home [32m200[0m 1332.092 ms - 56340[0m
[0mGET /post/delete/5eea63e4da599c7b9cecdf10 [32m200[0m 163.464 ms - 72[0m
[0mGET /post/new-post [36m304[0m 54.417 ms - -[0m
[0mPOST /post/create-post [36m302[0m 53.963 ms - 54[0m
[0mGET /home [32m200[0m 176.372 ms - 56340[0m
[0mGET /post/delete/5eea64340a7053060c5eb289 [32m200[0m 120.728 ms - 72[0m
[0mGET /post/new-post [36m304[0m 57.124 ms - -[0m
[0mPOST /post/create-post [36m302[0m 50.687 ms - 54[0m
[0mGET /home [32m200[0m 1442.113 ms - 56340[0m
[0mGET /post/delete/5eea645f68c2c83f30cf1016 [32m200[0m 92.039 ms - 72[0m
[0mGET /post/new-post [36m304[0m 54.933 ms - -[0m
[0mPOST /post/create-post [36m302[0m 35.518 ms - 54[0m
[0mGET /home [32m200[0m 1452.029 ms - 56340[0m
[0mGET /post/delete/5eea64ac9b084375805cf2d9 [32m200[0m 108.216 ms - 72[0m
[0mGET /post/new-post [36m304[0m 126.036 ms - -[0m
[0mPOST /post/create-post [36m302[0m 108.071 ms - 54[0m
[0mGET /home [32m200[0m 1794.024 ms - 56340[0m
[0mGET /post/delete/5eea6662099f2b41883b6a40 [32m200[0m 140.414 ms - 72[0m
[0mGET /post/new-post [36m304[0m 84.987 ms - -[0m
[0mPOST /post/create-post [36m302[0m 42.354 ms - 54[0m
[0mGET /home [32m200[0m 1293.930 ms - 56340[0m
[0mGET /post/delete/5eea66ac48cabb51c8045b57 [32m200[0m 109.885 ms - 72[0m
[0mGET /post/new-post [36m304[0m 76.592 ms - -[0m
[0mPOST /post/create-post [36m302[0m 45.213 ms - 54[0m
[0mGET /home [32m200[0m 1256.594 ms - 56340[0m
[0mGET /post/delete/5eea66f00ad1b13bb0782166 [32m200[0m 153.766 ms - 72[0m
[0mGET /post/new-post [36m304[0m 66.787 ms - -[0m
[0mPOST /post/create-post [36m302[0m 56.254 ms - 54[0m
[0mGET /home [32m200[0m 1530.415 ms - 56340[0m
[0mGET /home [32m200[0m 210.515 ms - 56341[0m
[0mGET /post/delete/5eea67ded0a553729491ea02 [32m200[0m 36.882 ms - 72[0m
[0mGET /post/new-post [36m304[0m 61.763 ms - -[0m
[0mPOST /post/create-post [36m302[0m 57.846 ms - 54[0m
[0mGET /home [32m200[0m 189.514 ms - 56340[0m
[0mGET /post/delete/5eea681e4db32f38a8f1d0c1 [32m200[0m 116.483 ms - 72[0m
[0mGET /post/new-post [36m304[0m 210.545 ms - -[0m
[0mPOST /post/create-post [36m302[0m 96.987 ms - 54[0m
[0mGET /home [32m200[0m 167.858 ms - 56340[0m
[0mGET /post/delete/5eea68cfe50908102cf579bf [32m200[0m 97.598 ms - 72[0m
[0mGET /post/new-post [36m304[0m 58.302 ms - -[0m
[0mPOST /post/create-post [36m302[0m 55.701 ms - 54[0m
[0mGET /home [32m200[0m 282.692 ms - 56340[0m
[0mGET /home [32m200[0m 333.036 ms - 56339[0m
[0mGET /post/delete/5eea691ab5da4a3e88bb876a [32m200[0m 41.942 ms - 72[0m
[0mGET /post/new-post [36m304[0m 61.905 ms - -[0m
[0mPOST /post/create-post [36m302[0m 63.824 ms - 54[0m
[0mGET /home [31m500[0m 119.527 ms - 2734[0m
[0mGET /user/profile/5ee8a232e93c8d700c85e200 [32m200[0m 734.701 ms - 12917[0m
[0mGET /home [32m200[0m 161.964 ms - 56339[0m
[0mPOST /user/update [36m302[0m 66.025 ms - 162[0m
[0mGET /user/profile/5ee8a232e93c8d700c85e200 [36m304[0m 79.168 ms - -[0m
[0mGET /user/profile/5ee8a232e93c8d700c85e200 [32m200[0m 89.832 ms - 12981[0m
[0mGET /user/sign-in [36m302[0m 187.069 ms - 54[0m
[0mGET /home [32m200[0m 159.210 ms - 56499[0m
[0mGET /favicon.ico [33m404[0m 26.502 ms - 150[0m
[0mGET /post/delete/5eea6a22f753515cb8641835 [32m200[0m 130.898 ms - 72[0m
[0mGET /post/new-post [32m200[0m 167.205 ms - 6024[0m
[0mPOST /post/create-post [36m302[0m 24.148 ms - 54[0m
[0mGET /home [31m500[0m 130.955 ms - 2734[0m
[0mGET /home [32m200[0m 247.009 ms - 50096[0m
[0mGET /home [32m200[0m 217.948 ms - 50092[0m
[0mGET /home [32m200[0m 146.872 ms - 50101[0m
[0mGET /post/new-post [32m200[0m 43.145 ms - 6033[0m
[0mGET /user/search [31m500[0m 156.391 ms - 3023[0m
[0mGET /home [36m304[0m 252.024 ms - -[0m
[0mGET /post/new-post [36m304[0m 20.415 ms - -[0m
[0mGET /user/search [32m200[0m 26.985 ms - 5373[0m
[0mPOST /user/searchUser [32m200[0m 74.080 ms - 8156[0m
[0mGET /user/myrequests [32m200[0m 93.894 ms - 4954[0m
[0mGET /user/setting [32m200[0m 42.733 ms - 5374[0m
[0mGET /home [36m304[0m 136.276 ms - -[0m
[0mGET /user/profile/5ece1493034303496075f21c [32m200[0m 172.487 ms - 16370[0m
[0mGET /user/search [36m304[0m 106.196 ms - -[0m
[0mPOST /user/searchUser [32m200[0m 264.678 ms - 8163[0m
[0mGET /user/sign-up [36m302[0m 860.832 ms - 54[0m
[0mGET /home [0m-[0m - ms - -[0m
[0mGET /home [31m500[0m 607.700 ms - 2304[0m
[0mGET /home [32m200[0m 217.577 ms - 50098[0m
[0mGET /undefined [33m404[0m 26.211 ms - 148[0m
[0mGET /undefined [33m404[0m 22.707 ms - 148[0m
[0mGET /undefined [33m404[0m 16.878 ms - 148[0m
[0mGET /home [36m304[0m 109.718 ms - -[0m
[0mGET /undefined [33m404[0m 36.727 ms - 148[0m
[0mGET /undefined [33m404[0m 19.591 ms - 148[0m
[0mGET /home [32m200[0m 183.070 ms - 50101[0m
::1 - - [18/Jun/2020:10:41:29 +0000] "GET /home HTTP/1.1" 200 5100 "-" "Mozilla/5.0 (Windows NT 10.0; Win64; x64) AppleWebKit/537.36 (KHTML, like Gecko) Chrome/83.0.4103.97 Safari/537.36"
::1 - - [18/Jun/2020:10:41:30 +0000] "GET /css/layout.css HTTP/1.1" 404 153 "http://localhost:1000/home" "Mozilla/5.0 (Windows NT 10.0; Win64; x64) AppleWebKit/537.36 (KHTML, like Gecko) Chrome/83.0.4103.97 Safari/537.36"
::1 - - [18/Jun/2020:10:41:30 +0000] "GET /css/_header.css HTTP/1.1" 404 154 "http://localhost:1000/home" "Mozilla/5.0 (Windows NT 10.0; Win64; x64) AppleWebKit/537.36 (KHTML, like Gecko) Chrome/83.0.4103.97 Safari/537.36"
::1 - - [18/Jun/2020:10:41:30 +0000] "GET /css/_sideDiv.css HTTP/1.1" 404 155 "http://localhost:1000/home" "Mozilla/5.0 (Windows NT 10.0; Win64; x64) AppleWebKit/537.36 (KHTML, like Gecko) Chrome/83.0.4103.97 Safari/537.36"
::1 - - [18/Jun/2020:10:41:30 +0000] "GET /scripts/ajax/home.js HTTP/1.1" 404 159 "http://localhost:1000/home" "Mozilla/5.0 (Windows NT 10.0; Win64; x64) AppleWebKit/537.36 (KHTML, like Gecko) Chrome/83.0.4103.97 Safari/537.36"
::1 - - [18/Jun/2020:10:41:30 +0000] "GET /css/_header.css HTTP/1.1" 404 154 "http://localhost:1000/home" "Mozilla/5.0 (Windows NT 10.0; Win64; x64) AppleWebKit/537.36 (KHTML, like Gecko) Chrome/83.0.4103.97 Safari/537.36"
::1 - - [18/Jun/2020:10:41:30 +0000] "GET /css/_sideDiv.css HTTP/1.1" 404 155 "http://localhost:1000/home" "Mozilla/5.0 (Windows NT 10.0; Win64; x64) AppleWebKit/537.36 (KHTML, like Gecko) Chrome/83.0.4103.97 Safari/537.36"
::1 - - [18/Jun/2020:10:41:30 +0000] "GET /scripts/_sideDiv.js HTTP/1.1" 404 158 "http://localhost:1000/home" "Mozilla/5.0 (Windows NT 10.0; Win64; x64) AppleWebKit/537.36 (KHTML, like Gecko) Chrome/83.0.4103.97 Safari/537.36"
::1 - - [18/Jun/2020:10:41:30 +0000] "GET /undefined HTTP/1.1" 404 148 "http://localhost:1000/home" "Mozilla/5.0 (Windows NT 10.0; Win64; x64) AppleWebKit/537.36 (KHTML, like Gecko) Chrome/83.0.4103.97 Safari/537.36"
::1 - - [18/Jun/2020:10:41:30 +0000] "GET /scripts/layout.js HTTP/1.1" 404 156 "http://localhost:1000/home" "Mozilla/5.0 (Windows NT 10.0; Win64; x64) AppleWebKit/537.36 (KHTML, like Gecko) Chrome/83.0.4103.97 Safari/537.36"
::1 - - [18/Jun/2020:10:41:30 +0000] "GET /scripts/home.js HTTP/1.1" 404 154 "http://localhost:1000/home" "Mozilla/5.0 (Windows NT 10.0; Win64; x64) AppleWebKit/537.36 (KHTML, like Gecko) Chrome/83.0.4103.97 Safari/537.36"
::1 - - [18/Jun/2020:10:41:30 +0000] "GET /scripts/ajax/home.js HTTP/1.1" 404 159 "http://localhost:1000/home" "Mozilla/5.0 (Windows NT 10.0; Win64; x64) AppleWebKit/537.36 (KHTML, like Gecko) Chrome/83.0.4103.97 Safari/537.36"
::1 - - [18/Jun/2020:15:10:54 +0000] "GET /home HTTP/1.1" 304 - "-" "Mozilla/5.0 (Windows NT 10.0; Win64; x64) AppleWebKit/537.36 (KHTML, like Gecko) Chrome/83.0.4103.97 Safari/537.36"
::1 - - [18/Jun/2020:15:10:54 +0000] "GET /css/_sideDiv.css HTTP/1.1" 404 155 "http://localhost:1000/home" "Mozilla/5.0 (Windows NT 10.0; Win64; x64) AppleWebKit/537.36 (KHTML, like Gecko) Chrome/83.0.4103.97 Safari/537.36"
::1 - - [18/Jun/2020:15:10:54 +0000] "GET /scripts/_sideDiv.js HTTP/1.1" 404 158 "http://localhost:1000/home" "Mozilla/5.0 (Windows NT 10.0; Win64; x64) AppleWebKit/537.36 (KHTML, like Gecko) Chrome/83.0.4103.97 Safari/537.36"
::1 - - [18/Jun/2020:15:10:54 +0000] "GET /css/layout.css HTTP/1.1" 404 153 "http://localhost:1000/home" "Mozilla/5.0 (Windows NT 10.0; Win64; x64) AppleWebKit/537.36 (KHTML, like Gecko) Chrome/83.0.4103.97 Safari/537.36"
::1 - - [18/Jun/2020:15:10:54 +0000] "GET /scripts/home.js HTTP/1.1" 404 154 "http://localhost:1000/home" "Mozilla/5.0 (Windows NT 10.0; Win64; x64) AppleWebKit/537.36 (KHTML, like Gecko) Chrome/83.0.4103.97 Safari/537.36"
::1 - - [18/Jun/2020:15:10:54 +0000] "GET /scripts/ajax/home.js HTTP/1.1" 404 159 "http://localhost:1000/home" "Mozilla/5.0 (Windows NT 10.0; Win64; x64) AppleWebKit/537.36 (KHTML, like Gecko) Chrome/83.0.4103.97 Safari/537.36"
::1 - - [18/Jun/2020:15:10:54 +0000] "GET /css/_header.css HTTP/1.1" 404 154 "http://localhost:1000/home" "Mozilla/5.0 (Windows NT 10.0; Win64; x64) AppleWebKit/537.36 (KHTML, like Gecko) Chrome/83.0.4103.97 Safari/537.36"
::1 - - [18/Jun/2020:15:10:55 +0000] "GET /css/_sideDiv.css HTTP/1.1" 404 155 "http://localhost:1000/home" "Mozilla/5.0 (Windows NT 10.0; Win64; x64) AppleWebKit/537.36 (KHTML, like Gecko) Chrome/83.0.4103.97 Safari/537.36"
::1 - - [18/Jun/2020:15:10:55 +0000] "GET /scripts/_sideDiv.js HTTP/1.1" 404 158 "http://localhost:1000/home" "Mozilla/5.0 (Windows NT 10.0; Win64; x64) AppleWebKit/537.36 (KHTML, like Gecko) Chrome/83.0.4103.97 Safari/537.36"
::1 - - [18/Jun/2020:15:10:55 +0000] "GET /undefined HTTP/1.1" 404 148 "http://localhost:1000/home" "Mozilla/5.0 (Windows NT 10.0; Win64; x64) AppleWebKit/537.36 (KHTML, like Gecko) Chrome/83.0.4103.97 Safari/537.36"
::1 - - [18/Jun/2020:15:10:55 +0000] "GET /scripts/layout.js HTTP/1.1" 404 156 "http://localhost:1000/home" "Mozilla/5.0 (Windows NT 10.0; Win64; x64) AppleWebKit/537.36 (KHTML, like Gecko) Chrome/83.0.4103.97 Safari/537.36"
::1 - - [18/Jun/2020:15:10:55 +0000] "GET /scripts/home.js HTTP/1.1" 404 154 "http://localhost:1000/home" "Mozilla/5.0 (Windows NT 10.0; Win64; x64) AppleWebKit/537.36 (KHTML, like Gecko) Chrome/83.0.4103.97 Safari/537.36"
::1 - - [18/Jun/2020:15:10:55 +0000] "GET /scripts/ajax/home.js HTTP/1.1" 404 159 "http://localhost:1000/home" "Mozilla/5.0 (Windows NT 10.0; Win64; x64) AppleWebKit/537.36 (KHTML, like Gecko) Chrome/83.0.4103.97 Safari/537.36"
::ffff:127.0.0.1 - - [18/Jun/2020:15:12:12 +0000] "GET /home HTTP/1.1" 304 - "-" "Mozilla/5.0 (Windows NT 10.0; Win64; x64) AppleWebKit/537.36 (KHTML, like Gecko) Chrome/83.0.4103.97 Safari/537.36"
::ffff:127.0.0.1 - - [18/Jun/2020:15:12:12 +0000] "GET /css/_header.css HTTP/1.1" 404 154 "http://localhost:1000/home" "Mozilla/5.0 (Windows NT 10.0; Win64; x64) AppleWebKit/537.36 (KHTML, like Gecko) Chrome/83.0.4103.97 Safari/537.36"
::1 - - [18/Jun/2020:15:12:12 +0000] "GET /css/_sideDiv.css HTTP/1.1" 404 155 "http://localhost:1000/home" "Mozilla/5.0 (Windows NT 10.0; Win64; x64) AppleWebKit/537.36 (KHTML, like Gecko) Chrome/83.0.4103.97 Safari/537.36"
::1 - - [18/Jun/2020:15:12:12 +0000] "GET /scripts/ajax/home.js HTTP/1.1" 404 159 "http://localhost:1000/home" "Mozilla/5.0 (Windows NT 10.0; Win64; x64) AppleWebKit/537.36 (KHTML, like Gecko) Chrome/83.0.4103.97 Safari/537.36"
::1 - - [18/Jun/2020:15:12:12 +0000] "GET /css/_header.css HTTP/1.1" 404 154 "http://localhost:1000/home" "Mozilla/5.0 (Windows NT 10.0; Win64; x64) AppleWebKit/537.36 (KHTML, like Gecko) Chrome/83.0.4103.97 Safari/537.36"
::1 - - [18/Jun/2020:15:12:12 +0000] "GET /css/_sideDiv.css HTTP/1.1" 404 155 "http://localhost:1000/home" "Mozilla/5.0 (Windows NT 10.0; Win64; x64) AppleWebKit/537.36 (KHTML, like Gecko) Chrome/83.0.4103.97 Safari/537.36"
::1 - - [18/Jun/2020:15:12:12 +0000] "GET /scripts/_sideDiv.js HTTP/1.1" 404 158 "http://localhost:1000/home" "Mozilla/5.0 (Windows NT 10.0; Win64; x64) AppleWebKit/537.36 (KHTML, like Gecko) Chrome/83.0.4103.97 Safari/537.36"
::1 - - [18/Jun/2020:15:12:12 +0000] "GET /undefined HTTP/1.1" 404 148 "http://localhost:1000/home" "Mozilla/5.0 (Windows NT 10.0; Win64; x64) AppleWebKit/537.36 (KHTML, like Gecko) Chrome/83.0.4103.97 Safari/537.36"
::1 - - [18/Jun/2020:15:12:13 +0000] "GET /scripts/layout.js HTTP/1.1" 404 156 "http://localhost:1000/home" "Mozilla/5.0 (Windows NT 10.0; Win64; x64) AppleWebKit/537.36 (KHTML, like Gecko) Chrome/83.0.4103.97 Safari/537.36"
::1 - - [18/Jun/2020:15:12:13 +0000] "GET /scripts/home.js HTTP/1.1" 404 154 "http://localhost:1000/home" "Mozilla/5.0 (Windows NT 10.0; Win64; x64) AppleWebKit/537.36 (KHTML, like Gecko) Chrome/83.0.4103.97 Safari/537.36"
::1 - - [18/Jun/2020:15:12:13 +0000] "GET /scripts/ajax/home.js HTTP/1.1" 404 159 "http://localhost:1000/home" "Mozilla/5.0 (Windows NT 10.0; Win64; x64) AppleWebKit/537.36 (KHTML, like Gecko) Chrome/83.0.4103.97 Safari/537.36"
::1 - - [18/Jun/2020:15:13:06 +0000] "GET /home HTTP/1.1" 200 5114 "-" "Mozilla/5.0 (Windows NT 10.0; Win64; x64) AppleWebKit/537.36 (KHTML, like Gecko) Chrome/83.0.4103.97 Safari/537.36"
::1 - - [18/Jun/2020:15:13:06 +0000] "GET /css/layout.css HTTP/1.1" 404 153 "http://localhost:1000/home" "Mozilla/5.0 (Windows NT 10.0; Win64; x64) AppleWebKit/537.36 (KHTML, like Gecko) Chrome/83.0.4103.97 Safari/537.36"
::1 - - [18/Jun/2020:15:13:06 +0000] "GET /css/_header.css HTTP/1.1" 404 154 "http://localhost:1000/home" "Mozilla/5.0 (Windows NT 10.0; Win64; x64) AppleWebKit/537.36 (KHTML, like Gecko) Chrome/83.0.4103.97 Safari/537.36"
::1 - - [18/Jun/2020:15:13:06 +0000] "GET /scripts/_sideDiv.js HTTP/1.1" 404 158 "http://localhost:1000/home" "Mozilla/5.0 (Windows NT 10.0; Win64; x64) AppleWebKit/537.36 (KHTML, like Gecko) Chrome/83.0.4103.97 Safari/537.36"
::1 - - [18/Jun/2020:15:13:06 +0000] "GET /css/_header.css HTTP/1.1" 404 154 "http://localhost:1000/home" "Mozilla/5.0 (Windows NT 10.0; Win64; x64) AppleWebKit/537.36 (KHTML, like Gecko) Chrome/83.0.4103.97 Safari/537.36"
::1 - - [18/Jun/2020:15:13:06 +0000] "GET /css/_sideDiv.css HTTP/1.1" 404 155 "http://localhost:1000/home" "Mozilla/5.0 (Windows NT 10.0; Win64; x64) AppleWebKit/537.36 (KHTML, like Gecko) Chrome/83.0.4103.97 Safari/537.36"
::1 - - [18/Jun/2020:15:13:06 +0000] "GET /scripts/_sideDiv.js HTTP/1.1" 404 158 "http://localhost:1000/home" "Mozilla/5.0 (Windows NT 10.0; Win64; x64) AppleWebKit/537.36 (KHTML, like Gecko) Chrome/83.0.4103.97 Safari/537.36"
::1 - - [18/Jun/2020:15:13:06 +0000] "GET /scripts/layout.js HTTP/1.1" 404 156 "http://localhost:1000/home" "Mozilla/5.0 (Windows NT 10.0; Win64; x64) AppleWebKit/537.36 (KHTML, like Gecko) Chrome/83.0.4103.97 Safari/537.36"
::1 - - [18/Jun/2020:15:13:06 +0000] "GET /scripts/home.js HTTP/1.1" 404 154 "http://localhost:1000/home" "Mozilla/5.0 (Windows NT 10.0; Win64; x64) AppleWebKit/537.36 (KHTML, like Gecko) Chrome/83.0.4103.97 Safari/537.36"
::1 - - [18/Jun/2020:15:13:06 +0000] "GET /scripts/ajax/home.js HTTP/1.1" 404 159 "http://localhost:1000/home" "Mozilla/5.0 (Windows NT 10.0; Win64; x64) AppleWebKit/537.36 (KHTML, like Gecko) Chrome/83.0.4103.97 Safari/537.36"
::1 - - [18/Jun/2020:15:13:57 +0000] "GET /home HTTP/1.1" 200 5128 "-" "Mozilla/5.0 (Windows NT 10.0; Win64; x64) AppleWebKit/537.36 (KHTML, like Gecko) Chrome/83.0.4103.97 Safari/537.36"
::1 - - [18/Jun/2020:15:13:57 +0000] "GET /public/assets/css/home-23d6e6090b.css HTTP/1.1" 404 176 "http://localhost:1000/home" "Mozilla/5.0 (Windows NT 10.0; Win64; x64) AppleWebKit/537.36 (KHTML, like Gecko) Chrome/83.0.4103.97 Safari/537.36"
::1 - - [18/Jun/2020:15:13:57 +0000] "GET /css/layout.css HTTP/1.1" 404 153 "http://localhost:1000/home" "Mozilla/5.0 (Windows NT 10.0; Win64; x64) AppleWebKit/537.36 (KHTML, like Gecko) Chrome/83.0.4103.97 Safari/537.36"
::1 - - [18/Jun/2020:15:13:57 +0000] "GET /css/_header.css HTTP/1.1" 404 154 "http://localhost:1000/home" "Mozilla/5.0 (Windows NT 10.0; Win64; x64) AppleWebKit/537.36 (KHTML, like Gecko) Chrome/83.0.4103.97 Safari/537.36"
::1 - - [18/Jun/2020:15:13:57 +0000] "GET /scripts/_sideDiv.js HTTP/1.1" 404 158 "http://localhost:1000/home" "Mozilla/5.0 (Windows NT 10.0; Win64; x64) AppleWebKit/537.36 (KHTML, like Gecko) Chrome/83.0.4103.97 Safari/537.36"
::1 - - [18/Jun/2020:15:13:57 +0000] "GET /scripts/layout.js HTTP/1.1" 404 156 "http://localhost:1000/home" "Mozilla/5.0 (Windows NT 10.0; Win64; x64) AppleWebKit/537.36 (KHTML, like Gecko) Chrome/83.0.4103.97 Safari/537.36"
::1 - - [18/Jun/2020:15:13:57 +0000] "GET /scripts/home.js HTTP/1.1" 404 154 "http://localhost:1000/home" "Mozilla/5.0 (Windows NT 10.0; Win64; x64) AppleWebKit/537.36 (KHTML, like Gecko) Chrome/83.0.4103.97 Safari/537.36"
::1 - - [18/Jun/2020:15:13:57 +0000] "GET /scripts/ajax/home.js HTTP/1.1" 404 159 "http://localhost:1000/home" "Mozilla/5.0 (Windows NT 10.0; Win64; x64) AppleWebKit/537.36 (KHTML, like Gecko) Chrome/83.0.4103.97 Safari/537.36"
::1 - - [18/Jun/2020:15:13:57 +0000] "GET /css/_header.css HTTP/1.1" 404 154 "http://localhost:1000/home" "Mozilla/5.0 (Windows NT 10.0; Win64; x64) AppleWebKit/537.36 (KHTML, like Gecko) Chrome/83.0.4103.97 Safari/537.36"
::1 - - [18/Jun/2020:15:13:57 +0000] "GET /css/_sideDiv.css HTTP/1.1" 404 155 "http://localhost:1000/home" "Mozilla/5.0 (Windows NT 10.0; Win64; x64) AppleWebKit/537.36 (KHTML, like Gecko) Chrome/83.0.4103.97 Safari/537.36"
::1 - - [18/Jun/2020:15:13:57 +0000] "GET /scripts/_sideDiv.js HTTP/1.1" 404 158 "http://localhost:1000/home" "Mozilla/5.0 (Windows NT 10.0; Win64; x64) AppleWebKit/537.36 (KHTML, like Gecko) Chrome/83.0.4103.97 Safari/537.36"
::1 - - [18/Jun/2020:15:13:57 +0000] "GET /public/assets/css/home-23d6e6090b.css HTTP/1.1" 404 176 "http://localhost:1000/home" "Mozilla/5.0 (Windows NT 10.0; Win64; x64) AppleWebKit/537.36 (KHTML, like Gecko) Chrome/83.0.4103.97 Safari/537.36"
::1 - - [18/Jun/2020:15:13:58 +0000] "GET /scripts/layout.js HTTP/1.1" 404 156 "http://localhost:1000/home" "Mozilla/5.0 (Windows NT 10.0; Win64; x64) AppleWebKit/537.36 (KHTML, like Gecko) Chrome/83.0.4103.97 Safari/537.36"
::1 - - [18/Jun/2020:15:13:58 +0000] "GET /scripts/home.js HTTP/1.1" 404 154 "http://localhost:1000/home" "Mozilla/5.0 (Windows NT 10.0; Win64; x64) AppleWebKit/537.36 (KHTML, like Gecko) Chrome/83.0.4103.97 Safari/537.36"
::1 - - [18/Jun/2020:15:13:58 +0000] "GET /scripts/ajax/home.js HTTP/1.1" 404 159 "http://localhost:1000/home" "Mozilla/5.0 (Windows NT 10.0; Win64; x64) AppleWebKit/537.36 (KHTML, like Gecko) Chrome/83.0.4103.97 Safari/537.36"
::1 - - [18/Jun/2020:15:15:00 +0000] "GET /home HTTP/1.1" 304 - "-" "Mozilla/5.0 (Windows NT 10.0; Win64; x64) AppleWebKit/537.36 (KHTML, like Gecko) Chrome/83.0.4103.97 Safari/537.36"
::1 - - [18/Jun/2020:15:15:00 +0000] "GET /css/layout.css HTTP/1.1" 404 153 "http://localhost:1000/home" "Mozilla/5.0 (Windows NT 10.0; Win64; x64) AppleWebKit/537.36 (KHTML, like Gecko) Chrome/83.0.4103.97 Safari/537.36"
::1 - - [18/Jun/2020:15:15:00 +0000] "GET /css/_header.css HTTP/1.1" 404 154 "http://localhost:1000/home" "Mozilla/5.0 (Windows NT 10.0; Win64; x64) AppleWebKit/537.36 (KHTML, like Gecko) Chrome/83.0.4103.97 Safari/537.36"
::1 - - [18/Jun/2020:15:15:00 +0000] "GET /scripts/_sideDiv.js HTTP/1.1" 404 158 "http://localhost:1000/home" "Mozilla/5.0 (Windows NT 10.0; Win64; x64) AppleWebKit/537.36 (KHTML, like Gecko) Chrome/83.0.4103.97 Safari/537.36"
::1 - - [18/Jun/2020:15:15:00 +0000] "GET /public/assets/css/home-23d6e6090b.css HTTP/1.1" 404 176 "http://localhost:1000/home" "Mozilla/5.0 (Windows NT 10.0; Win64; x64) AppleWebKit/537.36 (KHTML, like Gecko) Chrome/83.0.4103.97 Safari/537.36"
::1 - - [18/Jun/2020:15:15:00 +0000] "GET /scripts/layout.js HTTP/1.1" 404 156 "http://localhost:1000/home" "Mozilla/5.0 (Windows NT 10.0; Win64; x64) AppleWebKit/537.36 (KHTML, like Gecko) Chrome/83.0.4103.97 Safari/537.36"
::1 - - [18/Jun/2020:15:15:00 +0000] "GET /scripts/home.js HTTP/1.1" 404 154 "http://localhost:1000/home" "Mozilla/5.0 (Windows NT 10.0; Win64; x64) AppleWebKit/537.36 (KHTML, like Gecko) Chrome/83.0.4103.97 Safari/537.36"
::1 - - [18/Jun/2020:15:15:00 +0000] "GET /css/_header.css HTTP/1.1" 404 154 "http://localhost:1000/home" "Mozilla/5.0 (Windows NT 10.0; Win64; x64) AppleWebKit/537.36 (KHTML, like Gecko) Chrome/83.0.4103.97 Safari/537.36"
::1 - - [18/Jun/2020:15:15:01 +0000] "GET /css/_sideDiv.css HTTP/1.1" 404 155 "http://localhost:1000/home" "Mozilla/5.0 (Windows NT 10.0; Win64; x64) AppleWebKit/537.36 (KHTML, like Gecko) Chrome/83.0.4103.97 Safari/537.36"
::1 - - [18/Jun/2020:15:15:01 +0000] "GET /scripts/_sideDiv.js HTTP/1.1" 404 158 "http://localhost:1000/home" "Mozilla/5.0 (Windows NT 10.0; Win64; x64) AppleWebKit/537.36 (KHTML, like Gecko) Chrome/83.0.4103.97 Safari/537.36"
::1 - - [18/Jun/2020:15:15:01 +0000] "GET /public/assets/css/home-23d6e6090b.css HTTP/1.1" 404 176 "http://localhost:1000/home" "Mozilla/5.0 (Windows NT 10.0; Win64; x64) AppleWebKit/537.36 (KHTML, like Gecko) Chrome/83.0.4103.97 Safari/537.36"
::1 - - [18/Jun/2020:15:15:01 +0000] "GET /scripts/layout.js HTTP/1.1" 404 156 "http://localhost:1000/home" "Mozilla/5.0 (Windows NT 10.0; Win64; x64) AppleWebKit/537.36 (KHTML, like Gecko) Chrome/83.0.4103.97 Safari/537.36"
::1 - - [18/Jun/2020:15:15:01 +0000] "GET /scripts/home.js HTTP/1.1" 404 154 "http://localhost:1000/home" "Mozilla/5.0 (Windows NT 10.0; Win64; x64) AppleWebKit/537.36 (KHTML, like Gecko) Chrome/83.0.4103.97 Safari/537.36"
::1 - - [18/Jun/2020:15:15:01 +0000] "GET /scripts/ajax/home.js HTTP/1.1" 404 159 "http://localhost:1000/home" "Mozilla/5.0 (Windows NT 10.0; Win64; x64) AppleWebKit/537.36 (KHTML, like Gecko) Chrome/83.0.4103.97 Safari/537.36"
::1 - - [18/Jun/2020:15:16:28 +0000] "GET /home HTTP/1.1" 200 5114 "-" "Mozilla/5.0 (Windows NT 10.0; Win64; x64) AppleWebKit/537.36 (KHTML, like Gecko) Chrome/83.0.4103.97 Safari/537.36"
::1 - - [18/Jun/2020:15:16:28 +0000] "GET /css/layout.css HTTP/1.1" 404 153 "http://localhost:1000/home" "Mozilla/5.0 (Windows NT 10.0; Win64; x64) AppleWebKit/537.36 (KHTML, like Gecko) Chrome/83.0.4103.97 Safari/537.36"
::ffff:127.0.0.1 - - [18/Jun/2020:15:16:28 +0000] "GET /css/_header.css HTTP/1.1" 404 154 "http://localhost:1000/home" "Mozilla/5.0 (Windows NT 10.0; Win64; x64) AppleWebKit/537.36 (KHTML, like Gecko) Chrome/83.0.4103.97 Safari/537.36"
::1 - - [18/Jun/2020:15:16:28 +0000] "GET /scripts/_sideDiv.js HTTP/1.1" 404 158 "http://localhost:1000/home" "Mozilla/5.0 (Windows NT 10.0; Win64; x64) AppleWebKit/537.36 (KHTML, like Gecko) Chrome/83.0.4103.97 Safari/537.36"
::1 - - [18/Jun/2020:15:16:28 +0000] "GET /scripts/layout.js HTTP/1.1" 404 156 "http://localhost:1000/home" "Mozilla/5.0 (Windows NT 10.0; Win64; x64) AppleWebKit/537.36 (KHTML, like Gecko) Chrome/83.0.4103.97 Safari/537.36"
::1 - - [18/Jun/2020:15:16:28 +0000] "GET /scripts/home.js HTTP/1.1" 404 154 "http://localhost:1000/home" "Mozilla/5.0 (Windows NT 10.0; Win64; x64) AppleWebKit/537.36 (KHTML, like Gecko) Chrome/83.0.4103.97 Safari/537.36"
::1 - - [18/Jun/2020:15:16:28 +0000] "GET /css/_header.css HTTP/1.1" 404 154 "http://localhost:1000/home" "Mozilla/5.0 (Windows NT 10.0; Win64; x64) AppleWebKit/537.36 (KHTML, like Gecko) Chrome/83.0.4103.97 Safari/537.36"
::1 - - [18/Jun/2020:15:16:29 +0000] "GET /css/_sideDiv.css HTTP/1.1" 404 155 "http://localhost:1000/home" "Mozilla/5.0 (Windows NT 10.0; Win64; x64) AppleWebKit/537.36 (KHTML, like Gecko) Chrome/83.0.4103.97 Safari/537.36"
::1 - - [18/Jun/2020:15:16:29 +0000] "GET /scripts/_sideDiv.js HTTP/1.1" 404 158 "http://localhost:1000/home" "Mozilla/5.0 (Windows NT 10.0; Win64; x64) AppleWebKit/537.36 (KHTML, like Gecko) Chrome/83.0.4103.97 Safari/537.36"
::1 - - [18/Jun/2020:15:16:29 +0000] "GET /scripts/layout.js HTTP/1.1" 404 156 "http://localhost:1000/home" "Mozilla/5.0 (Windows NT 10.0; Win64; x64) AppleWebKit/537.36 (KHTML, like Gecko) Chrome/83.0.4103.97 Safari/537.36"
::1 - - [18/Jun/2020:15:16:29 +0000] "GET /scripts/home.js HTTP/1.1" 404 154 "http://localhost:1000/home" "Mozilla/5.0 (Windows NT 10.0; Win64; x64) AppleWebKit/537.36 (KHTML, like Gecko) Chrome/83.0.4103.97 Safari/537.36"
::1 - - [18/Jun/2020:15:16:29 +0000] "GET /scripts/ajax/home.js HTTP/1.1" 404 159 "http://localhost:1000/home" "Mozilla/5.0 (Windows NT 10.0; Win64; x64) AppleWebKit/537.36 (KHTML, like Gecko) Chrome/83.0.4103.97 Safari/537.36"
::1 - - [18/Jun/2020:15:16:31 +0000] "GET /home HTTP/1.1" 304 - "-" "Mozilla/5.0 (Windows NT 10.0; Win64; x64) AppleWebKit/537.36 (KHTML, like Gecko) Chrome/83.0.4103.97 Safari/537.36"
::1 - - [18/Jun/2020:15:16:31 +0000] "GET /css/layout.css HTTP/1.1" 404 153 "http://localhost:1000/home" "Mozilla/5.0 (Windows NT 10.0; Win64; x64) AppleWebKit/537.36 (KHTML, like Gecko) Chrome/83.0.4103.97 Safari/537.36"
::1 - - [18/Jun/2020:15:16:31 +0000] "GET /css/_header.css HTTP/1.1" 404 154 "http://localhost:1000/home" "Mozilla/5.0 (Windows NT 10.0; Win64; x64) AppleWebKit/537.36 (KHTML, like Gecko) Chrome/83.0.4103.97 Safari/537.36"
::ffff:127.0.0.1 - - [18/Jun/2020:15:16:31 +0000] "GET /scripts/_sideDiv.js HTTP/1.1" 404 158 "http://localhost:1000/home" "Mozilla/5.0 (Windows NT 10.0; Win64; x64) AppleWebKit/537.36 (KHTML, like Gecko) Chrome/83.0.4103.97 Safari/537.36"
::1 - - [18/Jun/2020:15:16:31 +0000] "GET /scripts/home.js HTTP/1.1" 404 154 "http://localhost:1000/home" "Mozilla/5.0 (Windows NT 10.0; Win64; x64) AppleWebKit/537.36 (KHTML, like Gecko) Chrome/83.0.4103.97 Safari/537.36"
::1 - - [18/Jun/2020:15:16:31 +0000] "GET /css/_header.css HTTP/1.1" 404 154 "http://localhost:1000/home" "Mozilla/5.0 (Windows NT 10.0; Win64; x64) AppleWebKit/537.36 (KHTML, like Gecko) Chrome/83.0.4103.97 Safari/537.36"
::1 - - [18/Jun/2020:15:16:31 +0000] "GET /css/_sideDiv.css HTTP/1.1" 404 155 "http://localhost:1000/home" "Mozilla/5.0 (Windows NT 10.0; Win64; x64) AppleWebKit/537.36 (KHTML, like Gecko) Chrome/83.0.4103.97 Safari/537.36"
::1 - - [18/Jun/2020:15:16:31 +0000] "GET /scripts/_sideDiv.js HTTP/1.1" 404 158 "http://localhost:1000/home" "Mozilla/5.0 (Windows NT 10.0; Win64; x64) AppleWebKit/537.36 (KHTML, like Gecko) Chrome/83.0.4103.97 Safari/537.36"
::1 - - [18/Jun/2020:15:16:31 +0000] "GET /scripts/layout.js HTTP/1.1" 404 156 "http://localhost:1000/home" "Mozilla/5.0 (Windows NT 10.0; Win64; x64) AppleWebKit/537.36 (KHTML, like Gecko) Chrome/83.0.4103.97 Safari/537.36"
::1 - - [18/Jun/2020:15:16:31 +0000] "GET /scripts/home.js HTTP/1.1" 404 154 "http://localhost:1000/home" "Mozilla/5.0 (Windows NT 10.0; Win64; x64) AppleWebKit/537.36 (KHTML, like Gecko) Chrome/83.0.4103.97 Safari/537.36"
::1 - - [18/Jun/2020:15:16:31 +0000] "GET /scripts/ajax/home.js HTTP/1.1" 404 159 "http://localhost:1000/home" "Mozilla/5.0 (Windows NT 10.0; Win64; x64) AppleWebKit/537.36 (KHTML, like Gecko) Chrome/83.0.4103.97 Safari/537.36"
::1 - - [18/Jun/2020:15:16:57 +0000] "GET /home HTTP/1.1" 304 - "-" "Mozilla/5.0 (Windows NT 10.0; Win64; x64) AppleWebKit/537.36 (KHTML, like Gecko) Chrome/83.0.4103.97 Safari/537.36"
::1 - - [18/Jun/2020:15:16:57 +0000] "GET /css/layout.css HTTP/1.1" 404 153 "http://localhost:1000/home" "Mozilla/5.0 (Windows NT 10.0; Win64; x64) AppleWebKit/537.36 (KHTML, like Gecko) Chrome/83.0.4103.97 Safari/537.36"
::1 - - [18/Jun/2020:15:16:57 +0000] "GET /css/_header.css HTTP/1.1" 404 154 "http://localhost:1000/home" "Mozilla/5.0 (Windows NT 10.0; Win64; x64) AppleWebKit/537.36 (KHTML, like Gecko) Chrome/83.0.4103.97 Safari/537.36"
::1 - - [18/Jun/2020:15:16:57 +0000] "GET /css/_sideDiv.css HTTP/1.1" 404 155 "http://localhost:1000/home" "Mozilla/5.0 (Windows NT 10.0; Win64; x64) AppleWebKit/537.36 (KHTML, like Gecko) Chrome/83.0.4103.97 Safari/537.36"
::1 - - [18/Jun/2020:15:16:57 +0000] "GET /scripts/_sideDiv.js HTTP/1.1" 404 158 "http://localhost:1000/home" "Mozilla/5.0 (Windows NT 10.0; Win64; x64) AppleWebKit/537.36 (KHTML, like Gecko) Chrome/83.0.4103.97 Safari/537.36"
::1 - - [18/Jun/2020:15:16:57 +0000] "GET /scripts/layout.js HTTP/1.1" 404 156 "http://localhost:1000/home" "Mozilla/5.0 (Windows NT 10.0; Win64; x64) AppleWebKit/537.36 (KHTML, like Gecko) Chrome/83.0.4103.97 Safari/537.36"
::1 - - [18/Jun/2020:15:16:57 +0000] "GET /scripts/ajax/home.js HTTP/1.1" 404 159 "http://localhost:1000/home" "Mozilla/5.0 (Windows NT 10.0; Win64; x64) AppleWebKit/537.36 (KHTML, like Gecko) Chrome/83.0.4103.97 Safari/537.36"
::1 - - [18/Jun/2020:15:16:57 +0000] "GET /css/_header.css HTTP/1.1" 404 154 "http://localhost:1000/home" "Mozilla/5.0 (Windows NT 10.0; Win64; x64) AppleWebKit/537.36 (KHTML, like Gecko) Chrome/83.0.4103.97 Safari/537.36"
::1 - - [18/Jun/2020:15:16:57 +0000] "GET /css/_sideDiv.css HTTP/1.1" 404 155 "http://localhost:1000/home" "Mozilla/5.0 (Windows NT 10.0; Win64; x64) AppleWebKit/537.36 (KHTML, like Gecko) Chrome/83.0.4103.97 Safari/537.36"
::1 - - [18/Jun/2020:15:16:57 +0000] "GET /scripts/_sideDiv.js HTTP/1.1" 404 158 "http://localhost:1000/home" "Mozilla/5.0 (Windows NT 10.0; Win64; x64) AppleWebKit/537.36 (KHTML, like Gecko) Chrome/83.0.4103.97 Safari/537.36"
::1 - - [18/Jun/2020:15:16:57 +0000] "GET /scripts/layout.js HTTP/1.1" 404 156 "http://localhost:1000/home" "Mozilla/5.0 (Windows NT 10.0; Win64; x64) AppleWebKit/537.36 (KHTML, like Gecko) Chrome/83.0.4103.97 Safari/537.36"
::1 - - [18/Jun/2020:15:16:57 +0000] "GET /scripts/home.js HTTP/1.1" 404 154 "http://localhost:1000/home" "Mozilla/5.0 (Windows NT 10.0; Win64; x64) AppleWebKit/537.36 (KHTML, like Gecko) Chrome/83.0.4103.97 Safari/537.36"
::1 - - [18/Jun/2020:15:16:57 +0000] "GET /scripts/ajax/home.js HTTP/1.1" 404 159 "http://localhost:1000/home" "Mozilla/5.0 (Windows NT 10.0; Win64; x64) AppleWebKit/537.36 (KHTML, like Gecko) Chrome/83.0.4103.97 Safari/537.36"
::1 - - [18/Jun/2020:15:18:34 +0000] "GET /home HTTP/1.1" 304 - "-" "Mozilla/5.0 (Windows NT 10.0; Win64; x64) AppleWebKit/537.36 (KHTML, like Gecko) Chrome/83.0.4103.97 Safari/537.36"
::1 - - [18/Jun/2020:15:18:34 +0000] "GET /css/layout.css HTTP/1.1" 404 153 "http://localhost:1000/home" "Mozilla/5.0 (Windows NT 10.0; Win64; x64) AppleWebKit/537.36 (KHTML, like Gecko) Chrome/83.0.4103.97 Safari/537.36"
::ffff:127.0.0.1 - - [18/Jun/2020:15:18:34 +0000] "GET /css/_header.css HTTP/1.1" 404 154 "http://localhost:1000/home" "Mozilla/5.0 (Windows NT 10.0; Win64; x64) AppleWebKit/537.36 (KHTML, like Gecko) Chrome/83.0.4103.97 Safari/537.36"
::1 - - [18/Jun/2020:15:18:34 +0000] "GET /scripts/layout.js HTTP/1.1" 404 156 "http://localhost:1000/home" "Mozilla/5.0 (Windows NT 10.0; Win64; x64) AppleWebKit/537.36 (KHTML, like Gecko) Chrome/83.0.4103.97 Safari/537.36"
::1 - - [18/Jun/2020:15:18:34 +0000] "GET /scripts/home.js HTTP/1.1" 404 154 "http://localhost:1000/home" "Mozilla/5.0 (Windows NT 10.0; Win64; x64) AppleWebKit/537.36 (KHTML, like Gecko) Chrome/83.0.4103.97 Safari/537.36"
::1 - - [18/Jun/2020:15:18:34 +0000] "GET /scripts/ajax/home.js HTTP/1.1" 404 159 "http://localhost:1000/home" "Mozilla/5.0 (Windows NT 10.0; Win64; x64) AppleWebKit/537.36 (KHTML, like Gecko) Chrome/83.0.4103.97 Safari/537.36"
::1 - - [18/Jun/2020:15:18:34 +0000] "GET /css/_header.css HTTP/1.1" 404 154 "http://localhost:1000/home" "Mozilla/5.0 (Windows NT 10.0; Win64; x64) AppleWebKit/537.36 (KHTML, like Gecko) Chrome/83.0.4103.97 Safari/537.36"
::1 - - [18/Jun/2020:15:18:34 +0000] "GET /css/_sideDiv.css HTTP/1.1" 404 155 "http://localhost:1000/home" "Mozilla/5.0 (Windows NT 10.0; Win64; x64) AppleWebKit/537.36 (KHTML, like Gecko) Chrome/83.0.4103.97 Safari/537.36"
::1 - - [18/Jun/2020:15:18:35 +0000] "GET /scripts/_sideDiv.js HTTP/1.1" 404 158 "http://localhost:1000/home" "Mozilla/5.0 (Windows NT 10.0; Win64; x64) AppleWebKit/537.36 (KHTML, like Gecko) Chrome/83.0.4103.97 Safari/537.36"
::1 - - [18/Jun/2020:15:18:35 +0000] "GET /scripts/layout.js HTTP/1.1" 404 156 "http://localhost:1000/home" "Mozilla/5.0 (Windows NT 10.0; Win64; x64) AppleWebKit/537.36 (KHTML, like Gecko) Chrome/83.0.4103.97 Safari/537.36"
::1 - - [18/Jun/2020:15:18:35 +0000] "GET /scripts/home.js HTTP/1.1" 404 154 "http://localhost:1000/home" "Mozilla/5.0 (Windows NT 10.0; Win64; x64) AppleWebKit/537.36 (KHTML, like Gecko) Chrome/83.0.4103.97 Safari/537.36"
::1 - - [18/Jun/2020:15:18:35 +0000] "GET /scripts/ajax/home.js HTTP/1.1" 404 159 "http://localhost:1000/home" "Mozilla/5.0 (Windows NT 10.0; Win64; x64) AppleWebKit/537.36 (KHTML, like Gecko) Chrome/83.0.4103.97 Safari/537.36"
::1 - - [18/Jun/2020:15:19:30 +0000] "GET /home HTTP/1.1" 304 - "-" "Mozilla/5.0 (Windows NT 10.0; Win64; x64) AppleWebKit/537.36 (KHTML, like Gecko) Chrome/83.0.4103.97 Safari/537.36"
::1 - - [18/Jun/2020:15:19:30 +0000] "GET /css/layout.css HTTP/1.1" 404 153 "http://localhost:1000/home" "Mozilla/5.0 (Windows NT 10.0; Win64; x64) AppleWebKit/537.36 (KHTML, like Gecko) Chrome/83.0.4103.97 Safari/537.36"
::1 - - [18/Jun/2020:15:19:30 +0000] "GET /css/_header.css HTTP/1.1" 404 154 "http://localhost:1000/home" "Mozilla/5.0 (Windows NT 10.0; Win64; x64) AppleWebKit/537.36 (KHTML, like Gecko) Chrome/83.0.4103.97 Safari/537.36"
::1 - - [18/Jun/2020:15:19:30 +0000] "GET /scripts/_sideDiv.js HTTP/1.1" 404 158 "http://localhost:1000/home" "Mozilla/5.0 (Windows NT 10.0; Win64; x64) AppleWebKit/537.36 (KHTML, like Gecko) Chrome/83.0.4103.97 Safari/537.36"
::1 - - [18/Jun/2020:15:19:30 +0000] "GET /scripts/home.js HTTP/1.1" 404 154 "http://localhost:1000/home" "Mozilla/5.0 (Windows NT 10.0; Win64; x64) AppleWebKit/537.36 (KHTML, like Gecko) Chrome/83.0.4103.97 Safari/537.36"
::1 - - [18/Jun/2020:15:19:30 +0000] "GET /css/_header.css HTTP/1.1" 404 154 "http://localhost:1000/home" "Mozilla/5.0 (Windows NT 10.0; Win64; x64) AppleWebKit/537.36 (KHTML, like Gecko) Chrome/83.0.4103.97 Safari/537.36"
::1 - - [18/Jun/2020:15:19:30 +0000] "GET /css/_sideDiv.css HTTP/1.1" 404 155 "http://localhost:1000/home" "Mozilla/5.0 (Windows NT 10.0; Win64; x64) AppleWebKit/537.36 (KHTML, like Gecko) Chrome/83.0.4103.97 Safari/537.36"
::1 - - [18/Jun/2020:15:19:30 +0000] "GET /scripts/_sideDiv.js HTTP/1.1" 404 158 "http://localhost:1000/home" "Mozilla/5.0 (Windows NT 10.0; Win64; x64) AppleWebKit/537.36 (KHTML, like Gecko) Chrome/83.0.4103.97 Safari/537.36"
::1 - - [18/Jun/2020:15:19:30 +0000] "GET /scripts/layout.js HTTP/1.1" 404 156 "http://localhost:1000/home" "Mozilla/5.0 (Windows NT 10.0; Win64; x64) AppleWebKit/537.36 (KHTML, like Gecko) Chrome/83.0.4103.97 Safari/537.36"
::1 - - [18/Jun/2020:15:19:30 +0000] "GET /scripts/home.js HTTP/1.1" 404 154 "http://localhost:1000/home" "Mozilla/5.0 (Windows NT 10.0; Win64; x64) AppleWebKit/537.36 (KHTML, like Gecko) Chrome/83.0.4103.97 Safari/537.36"
::1 - - [18/Jun/2020:15:19:30 +0000] "GET /scripts/ajax/home.js HTTP/1.1" 404 159 "http://localhost:1000/home" "Mozilla/5.0 (Windows NT 10.0; Win64; x64) AppleWebKit/537.36 (KHTML, like Gecko) Chrome/83.0.4103.97 Safari/537.36"
::1 - - [18/Jun/2020:15:20:13 +0000] "GET /home HTTP/1.1" 200 5109 "-" "Mozilla/5.0 (Windows NT 10.0; Win64; x64) AppleWebKit/537.36 (KHTML, like Gecko) Chrome/83.0.4103.97 Safari/537.36"
::1 - - [18/Jun/2020:15:20:13 +0000] "GET /undefined HTTP/1.1" 404 148 "http://localhost:1000/home" "Mozilla/5.0 (Windows NT 10.0; Win64; x64) AppleWebKit/537.36 (KHTML, like Gecko) Chrome/83.0.4103.97 Safari/537.36"
::1 - - [18/Jun/2020:15:20:14 +0000] "GET /css/_header.css HTTP/1.1" 404 154 "http://localhost:1000/home" "Mozilla/5.0 (Windows NT 10.0; Win64; x64) AppleWebKit/537.36 (KHTML, like Gecko) Chrome/83.0.4103.97 Safari/537.36"
::1 - - [18/Jun/2020:15:20:14 +0000] "GET /css/_sideDiv.css HTTP/1.1" 404 155 "http://localhost:1000/home" "Mozilla/5.0 (Windows NT 10.0; Win64; x64) AppleWebKit/537.36 (KHTML, like Gecko) Chrome/83.0.4103.97 Safari/537.36"
::1 - - [18/Jun/2020:15:20:14 +0000] "GET /scripts/_sideDiv.js HTTP/1.1" 404 158 "http://localhost:1000/home" "Mozilla/5.0 (Windows NT 10.0; Win64; x64) AppleWebKit/537.36 (KHTML, like Gecko) Chrome/83.0.4103.97 Safari/537.36"
::1 - - [18/Jun/2020:15:20:14 +0000] "GET /scripts/home.js HTTP/1.1" 404 154 "http://localhost:1000/home" "Mozilla/5.0 (Windows NT 10.0; Win64; x64) AppleWebKit/537.36 (KHTML, like Gecko) Chrome/83.0.4103.97 Safari/537.36"
::1 - - [18/Jun/2020:15:20:14 +0000] "GET /scripts/ajax/home.js HTTP/1.1" 404 159 "http://localhost:1000/home" "Mozilla/5.0 (Windows NT 10.0; Win64; x64) AppleWebKit/537.36 (KHTML, like Gecko) Chrome/83.0.4103.97 Safari/537.36"
::1 - - [18/Jun/2020:15:20:14 +0000] "GET /css/_header.css HTTP/1.1" 404 154 "http://localhost:1000/home" "Mozilla/5.0 (Windows NT 10.0; Win64; x64) AppleWebKit/537.36 (KHTML, like Gecko) Chrome/83.0.4103.97 Safari/537.36"
::1 - - [18/Jun/2020:15:20:14 +0000] "GET /css/_sideDiv.css HTTP/1.1" 404 155 "http://localhost:1000/home" "Mozilla/5.0 (Windows NT 10.0; Win64; x64) AppleWebKit/537.36 (KHTML, like Gecko) Chrome/83.0.4103.97 Safari/537.36"
::1 - - [18/Jun/2020:15:20:14 +0000] "GET /scripts/_sideDiv.js HTTP/1.1" 404 158 "http://localhost:1000/home" "Mozilla/5.0 (Windows NT 10.0; Win64; x64) AppleWebKit/537.36 (KHTML, like Gecko) Chrome/83.0.4103.97 Safari/537.36"
::1 - - [18/Jun/2020:15:20:15 +0000] "GET /scripts/layout.js HTTP/1.1" 404 156 "http://localhost:1000/home" "Mozilla/5.0 (Windows NT 10.0; Win64; x64) AppleWebKit/537.36 (KHTML, like Gecko) Chrome/83.0.4103.97 Safari/537.36"
::1 - - [18/Jun/2020:15:20:15 +0000] "GET /scripts/home.js HTTP/1.1" 404 154 "http://localhost:1000/home" "Mozilla/5.0 (Windows NT 10.0; Win64; x64) AppleWebKit/537.36 (KHTML, like Gecko) Chrome/83.0.4103.97 Safari/537.36"
::1 - - [18/Jun/2020:15:20:15 +0000] "GET /scripts/ajax/home.js HTTP/1.1" 404 159 "http://localhost:1000/home" "Mozilla/5.0 (Windows NT 10.0; Win64; x64) AppleWebKit/537.36 (KHTML, like Gecko) Chrome/83.0.4103.97 Safari/537.36"
::1 - - [18/Jun/2020:15:20:45 +0000] "GET /home HTTP/1.1" 200 5125 "-" "Mozilla/5.0 (Windows NT 10.0; Win64; x64) AppleWebKit/537.36 (KHTML, like Gecko) Chrome/83.0.4103.97 Safari/537.36"
::1 - - [18/Jun/2020:15:20:46 +0000] "GET /css/_header.css HTTP/1.1" 404 154 "http://localhost:1000/home" "Mozilla/5.0 (Windows NT 10.0; Win64; x64) AppleWebKit/537.36 (KHTML, like Gecko) Chrome/83.0.4103.97 Safari/537.36"
::1 - - [18/Jun/2020:15:20:46 +0000] "GET /css/_sideDiv.css HTTP/1.1" 404 155 "http://localhost:1000/home" "Mozilla/5.0 (Windows NT 10.0; Win64; x64) AppleWebKit/537.36 (KHTML, like Gecko) Chrome/83.0.4103.97 Safari/537.36"
::1 - - [18/Jun/2020:15:20:46 +0000] "GET /scripts/_sideDiv.js HTTP/1.1" 404 158 "http://localhost:1000/home" "Mozilla/5.0 (Windows NT 10.0; Win64; x64) AppleWebKit/537.36 (KHTML, like Gecko) Chrome/83.0.4103.97 Safari/537.36"
::1 - - [18/Jun/2020:15:20:46 +0000] "GET /scripts/ajax/home.js HTTP/1.1" 404 159 "http://localhost:1000/home" "Mozilla/5.0 (Windows NT 10.0; Win64; x64) AppleWebKit/537.36 (KHTML, like Gecko) Chrome/83.0.4103.97 Safari/537.36"
::1 - - [18/Jun/2020:15:20:46 +0000] "GET /css/_header.css HTTP/1.1" 404 154 "http://localhost:1000/home" "Mozilla/5.0 (Windows NT 10.0; Win64; x64) AppleWebKit/537.36 (KHTML, like Gecko) Chrome/83.0.4103.97 Safari/537.36"
::1 - - [18/Jun/2020:15:20:46 +0000] "GET /css/_sideDiv.css HTTP/1.1" 404 155 "http://localhost:1000/home" "Mozilla/5.0 (Windows NT 10.0; Win64; x64) AppleWebKit/537.36 (KHTML, like Gecko) Chrome/83.0.4103.97 Safari/537.36"
::1 - - [18/Jun/2020:15:20:46 +0000] "GET /scripts/_sideDiv.js HTTP/1.1" 404 158 "http://localhost:1000/home" "Mozilla/5.0 (Windows NT 10.0; Win64; x64) AppleWebKit/537.36 (KHTML, like Gecko) Chrome/83.0.4103.97 Safari/537.36"
::1 - - [18/Jun/2020:15:20:46 +0000] "GET /scripts/layout.js HTTP/1.1" 404 156 "http://localhost:1000/home" "Mozilla/5.0 (Windows NT 10.0; Win64; x64) AppleWebKit/537.36 (KHTML, like Gecko) Chrome/83.0.4103.97 Safari/537.36"
::1 - - [18/Jun/2020:15:20:46 +0000] "GET /scripts/home.js HTTP/1.1" 404 154 "http://localhost:1000/home" "Mozilla/5.0 (Windows NT 10.0; Win64; x64) AppleWebKit/537.36 (KHTML, like Gecko) Chrome/83.0.4103.97 Safari/537.36"
::1 - - [18/Jun/2020:15:20:46 +0000] "GET /scripts/ajax/home.js HTTP/1.1" 404 159 "http://localhost:1000/home" "Mozilla/5.0 (Windows NT 10.0; Win64; x64) AppleWebKit/537.36 (KHTML, like Gecko) Chrome/83.0.4103.97 Safari/537.36"
::1 - - [18/Jun/2020:15:22:01 +0000] "GET /home HTTP/1.1" 500 2536 "-" "Mozilla/5.0 (Windows NT 10.0; Win64; x64) AppleWebKit/537.36 (KHTML, like Gecko) Chrome/83.0.4103.97 Safari/537.36"
::1 - - [18/Jun/2020:15:22:09 +0000] "GET /home HTTP/1.1" 200 5136 "-" "Mozilla/5.0 (Windows NT 10.0; Win64; x64) AppleWebKit/537.36 (KHTML, like Gecko) Chrome/83.0.4103.97 Safari/537.36"
::1 - - [18/Jun/2020:15:22:09 +0000] "GET /css/_sideDiv.css HTTP/1.1" 404 155 "http://localhost:1000/home" "Mozilla/5.0 (Windows NT 10.0; Win64; x64) AppleWebKit/537.36 (KHTML, like Gecko) Chrome/83.0.4103.97 Safari/537.36"
::1 - - [18/Jun/2020:15:22:09 +0000] "GET /scripts/_sideDiv.js HTTP/1.1" 404 158 "http://localhost:1000/home" "Mozilla/5.0 (Windows NT 10.0; Win64; x64) AppleWebKit/537.36 (KHTML, like Gecko) Chrome/83.0.4103.97 Safari/537.36"
::1 - - [18/Jun/2020:15:22:09 +0000] "GET /scripts/layout.js HTTP/1.1" 404 156 "http://localhost:1000/home" "Mozilla/5.0 (Windows NT 10.0; Win64; x64) AppleWebKit/537.36 (KHTML, like Gecko) Chrome/83.0.4103.97 Safari/537.36"
::1 - - [18/Jun/2020:15:22:09 +0000] "GET /css/_sideDiv.css HTTP/1.1" 404 155 "http://localhost:1000/home" "Mozilla/5.0 (Windows NT 10.0; Win64; x64) AppleWebKit/537.36 (KHTML, like Gecko) Chrome/83.0.4103.97 Safari/537.36"
::1 - - [18/Jun/2020:15:22:09 +0000] "GET /scripts/home.js HTTP/1.1" 404 154 "http://localhost:1000/home" "Mozilla/5.0 (Windows NT 10.0; Win64; x64) AppleWebKit/537.36 (KHTML, like Gecko) Chrome/83.0.4103.97 Safari/537.36"
::1 - - [18/Jun/2020:15:22:10 +0000] "GET /scripts/ajax/home.js HTTP/1.1" 404 159 "http://localhost:1000/home" "Mozilla/5.0 (Windows NT 10.0; Win64; x64) AppleWebKit/537.36 (KHTML, like Gecko) Chrome/83.0.4103.97 Safari/537.36"
::1 - - [18/Jun/2020:15:22:10 +0000] "GET /scripts/_sideDiv.js HTTP/1.1" 404 158 "http://localhost:1000/home" "Mozilla/5.0 (Windows NT 10.0; Win64; x64) AppleWebKit/537.36 (KHTML, like Gecko) Chrome/83.0.4103.97 Safari/537.36"
::1 - - [18/Jun/2020:15:22:10 +0000] "GET /scripts/layout.js HTTP/1.1" 404 156 "http://localhost:1000/home" "Mozilla/5.0 (Windows NT 10.0; Win64; x64) AppleWebKit/537.36 (KHTML, like Gecko) Chrome/83.0.4103.97 Safari/537.36"
::1 - - [18/Jun/2020:15:22:10 +0000] "GET /scripts/home.js HTTP/1.1" 404 154 "http://localhost:1000/home" "Mozilla/5.0 (Windows NT 10.0; Win64; x64) AppleWebKit/537.36 (KHTML, like Gecko) Chrome/83.0.4103.97 Safari/537.36"
::1 - - [18/Jun/2020:15:22:10 +0000] "GET /scripts/ajax/home.js HTTP/1.1" 404 159 "http://localhost:1000/home" "Mozilla/5.0 (Windows NT 10.0; Win64; x64) AppleWebKit/537.36 (KHTML, like Gecko) Chrome/83.0.4103.97 Safari/537.36"
::1 - - [18/Jun/2020:15:23:57 +0000] "GET /home HTTP/1.1" 200 5133 "-" "Mozilla/5.0 (Windows NT 10.0; Win64; x64) AppleWebKit/537.36 (KHTML, like Gecko) Chrome/83.0.4103.97 Safari/537.36"
::1 - - [18/Jun/2020:15:23:57 +0000] "GET /css/_sideDiv.css HTTP/1.1" 404 155 "http://localhost:1000/home" "Mozilla/5.0 (Windows NT 10.0; Win64; x64) AppleWebKit/537.36 (KHTML, like Gecko) Chrome/83.0.4103.97 Safari/537.36"
::1 - - [18/Jun/2020:15:23:57 +0000] "GET /scripts/_sideDiv.js HTTP/1.1" 404 158 "http://localhost:1000/home" "Mozilla/5.0 (Windows NT 10.0; Win64; x64) AppleWebKit/537.36 (KHTML, like Gecko) Chrome/83.0.4103.97 Safari/537.36"
::1 - - [18/Jun/2020:15:23:57 +0000] "GET /scripts/ajax/home.js HTTP/1.1" 404 159 "http://localhost:1000/home" "Mozilla/5.0 (Windows NT 10.0; Win64; x64) AppleWebKit/537.36 (KHTML, like Gecko) Chrome/83.0.4103.97 Safari/537.36"
::1 - - [18/Jun/2020:15:23:57 +0000] "GET /css/_sideDiv.css HTTP/1.1" 404 155 "http://localhost:1000/home" "Mozilla/5.0 (Windows NT 10.0; Win64; x64) AppleWebKit/537.36 (KHTML, like Gecko) Chrome/83.0.4103.97 Safari/537.36"
::1 - - [18/Jun/2020:15:23:57 +0000] "GET /scripts/_sideDiv.js HTTP/1.1" 404 158 "http://localhost:1000/home" "Mozilla/5.0 (Windows NT 10.0; Win64; x64) AppleWebKit/537.36 (KHTML, like Gecko) Chrome/83.0.4103.97 Safari/537.36"
::1 - - [18/Jun/2020:15:23:57 +0000] "GET /scripts/layout.js HTTP/1.1" 404 156 "http://localhost:1000/home" "Mozilla/5.0 (Windows NT 10.0; Win64; x64) AppleWebKit/537.36 (KHTML, like Gecko) Chrome/83.0.4103.97 Safari/537.36"
::1 - - [18/Jun/2020:15:23:57 +0000] "GET /scripts/home.js HTTP/1.1" 404 154 "http://localhost:1000/home" "Mozilla/5.0 (Windows NT 10.0; Win64; x64) AppleWebKit/537.36 (KHTML, like Gecko) Chrome/83.0.4103.97 Safari/537.36"
::1 - - [18/Jun/2020:15:23:57 +0000] "GET /scripts/ajax/home.js HTTP/1.1" 404 159 "http://localhost:1000/home" "Mozilla/5.0 (Windows NT 10.0; Win64; x64) AppleWebKit/537.36 (KHTML, like Gecko) Chrome/83.0.4103.97 Safari/537.36"
::1 - - [18/Jun/2020:15:25:08 +0000] "GET /home HTTP/1.1" 500 2636 "-" "Mozilla/5.0 (Windows NT 10.0; Win64; x64) AppleWebKit/537.36 (KHTML, like Gecko) Chrome/83.0.4103.97 Safari/537.36"
::1 - - [18/Jun/2020:15:25:18 +0000] "GET /home HTTP/1.1" 200 5143 "-" "Mozilla/5.0 (Windows NT 10.0; Win64; x64) AppleWebKit/537.36 (KHTML, like Gecko) Chrome/83.0.4103.97 Safari/537.36"
::1 - - [18/Jun/2020:15:25:19 +0000] "GET /scripts/_sideDiv.js HTTP/1.1" 404 158 "http://localhost:1000/home" "Mozilla/5.0 (Windows NT 10.0; Win64; x64) AppleWebKit/537.36 (KHTML, like Gecko) Chrome/83.0.4103.97 Safari/537.36"
::1 - - [18/Jun/2020:15:25:19 +0000] "GET /scripts/layout.js HTTP/1.1" 404 156 "http://localhost:1000/home" "Mozilla/5.0 (Windows NT 10.0; Win64; x64) AppleWebKit/537.36 (KHTML, like Gecko) Chrome/83.0.4103.97 Safari/537.36"
::1 - - [18/Jun/2020:15:25:19 +0000] "GET /scripts/home.js HTTP/1.1" 404 154 "http://localhost:1000/home" "Mozilla/5.0 (Windows NT 10.0; Win64; x64) AppleWebKit/537.36 (KHTML, like Gecko) Chrome/83.0.4103.97 Safari/537.36"
::1 - - [18/Jun/2020:15:25:19 +0000] "GET /scripts/ajax/home.js HTTP/1.1" 404 159 "http://localhost:1000/home" "Mozilla/5.0 (Windows NT 10.0; Win64; x64) AppleWebKit/537.36 (KHTML, like Gecko) Chrome/83.0.4103.97 Safari/537.36"
::1 - - [18/Jun/2020:15:25:19 +0000] "GET /scripts/_sideDiv.js HTTP/1.1" 404 158 "http://localhost:1000/home" "Mozilla/5.0 (Windows NT 10.0; Win64; x64) AppleWebKit/537.36 (KHTML, like Gecko) Chrome/83.0.4103.97 Safari/537.36"
::1 - - [18/Jun/2020:15:25:19 +0000] "GET /scripts/layout.js HTTP/1.1" 404 156 "http://localhost:1000/home" "Mozilla/5.0 (Windows NT 10.0; Win64; x64) AppleWebKit/537.36 (KHTML, like Gecko) Chrome/83.0.4103.97 Safari/537.36"
::1 - - [18/Jun/2020:15:25:19 +0000] "GET /scripts/home.js HTTP/1.1" 404 154 "http://localhost:1000/home" "Mozilla/5.0 (Windows NT 10.0; Win64; x64) AppleWebKit/537.36 (KHTML, like Gecko) Chrome/83.0.4103.97 Safari/537.36"
::1 - - [18/Jun/2020:15:25:19 +0000] "GET /scripts/ajax/home.js HTTP/1.1" 404 159 "http://localhost:1000/home" "Mozilla/5.0 (Windows NT 10.0; Win64; x64) AppleWebKit/537.36 (KHTML, like Gecko) Chrome/83.0.4103.97 Safari/537.36"
::1 - - [18/Jun/2020:15:25:27 +0000] "GET /home HTTP/1.1" 500 3139 "-" "Mozilla/5.0 (Windows NT 10.0; Win64; x64) AppleWebKit/537.36 (KHTML, like Gecko) Chrome/83.0.4103.97 Safari/537.36"
::1 - - [18/Jun/2020:15:25:37 +0000] "GET /home HTTP/1.1" 200 5143 "-" "Mozilla/5.0 (Windows NT 10.0; Win64; x64) AppleWebKit/537.36 (KHTML, like Gecko) Chrome/83.0.4103.97 Safari/537.36"
::1 - - [18/Jun/2020:15:25:37 +0000] "GET /scripts/_sideDiv.js HTTP/1.1" 404 158 "http://localhost:1000/home" "Mozilla/5.0 (Windows NT 10.0; Win64; x64) AppleWebKit/537.36 (KHTML, like Gecko) Chrome/83.0.4103.97 Safari/537.36"
::1 - - [18/Jun/2020:15:25:37 +0000] "GET /scripts/layout.js HTTP/1.1" 404 156 "http://localhost:1000/home" "Mozilla/5.0 (Windows NT 10.0; Win64; x64) AppleWebKit/537.36 (KHTML, like Gecko) Chrome/83.0.4103.97 Safari/537.36"
::1 - - [18/Jun/2020:15:25:37 +0000] "GET /scripts/home.js HTTP/1.1" 404 154 "http://localhost:1000/home" "Mozilla/5.0 (Windows NT 10.0; Win64; x64) AppleWebKit/537.36 (KHTML, like Gecko) Chrome/83.0.4103.97 Safari/537.36"
::1 - - [18/Jun/2020:15:25:37 +0000] "GET /scripts/ajax/home.js HTTP/1.1" 404 159 "http://localhost:1000/home" "Mozilla/5.0 (Windows NT 10.0; Win64; x64) AppleWebKit/537.36 (KHTML, like Gecko) Chrome/83.0.4103.97 Safari/537.36"
::1 - - [18/Jun/2020:15:25:37 +0000] "GET /scripts/_sideDiv.js HTTP/1.1" 404 158 "http://localhost:1000/home" "Mozilla/5.0 (Windows NT 10.0; Win64; x64) AppleWebKit/537.36 (KHTML, like Gecko) Chrome/83.0.4103.97 Safari/537.36"
::1 - - [18/Jun/2020:15:25:37 +0000] "GET /scripts/layout.js HTTP/1.1" 404 156 "http://localhost:1000/home" "Mozilla/5.0 (Windows NT 10.0; Win64; x64) AppleWebKit/537.36 (KHTML, like Gecko) Chrome/83.0.4103.97 Safari/537.36"
::1 - - [18/Jun/2020:15:25:37 +0000] "GET /scripts/home.js HTTP/1.1" 404 154 "http://localhost:1000/home" "Mozilla/5.0 (Windows NT 10.0; Win64; x64) AppleWebKit/537.36 (KHTML, like Gecko) Chrome/83.0.4103.97 Safari/537.36"
::1 - - [18/Jun/2020:15:25:38 +0000] "GET /scripts/ajax/home.js HTTP/1.1" 404 159 "http://localhost:1000/home" "Mozilla/5.0 (Windows NT 10.0; Win64; x64) AppleWebKit/537.36 (KHTML, like Gecko) Chrome/83.0.4103.97 Safari/537.36"
::1 - - [18/Jun/2020:15:26:18 +0000] "GET /home HTTP/1.1" 200 5153 "-" "Mozilla/5.0 (Windows NT 10.0; Win64; x64) AppleWebKit/537.36 (KHTML, like Gecko) Chrome/83.0.4103.97 Safari/537.36"
::1 - - [18/Jun/2020:15:26:18 +0000] "GET /scripts/layout.js HTTP/1.1" 404 156 "http://localhost:1000/home" "Mozilla/5.0 (Windows NT 10.0; Win64; x64) AppleWebKit/537.36 (KHTML, like Gecko) Chrome/83.0.4103.97 Safari/537.36"
::1 - - [18/Jun/2020:15:26:18 +0000] "GET /scripts/home.js HTTP/1.1" 404 154 "http://localhost:1000/home" "Mozilla/5.0 (Windows NT 10.0; Win64; x64) AppleWebKit/537.36 (KHTML, like Gecko) Chrome/83.0.4103.97 Safari/537.36"
::1 - - [18/Jun/2020:15:26:18 +0000] "GET /scripts/layout.js HTTP/1.1" 404 156 "http://localhost:1000/home" "Mozilla/5.0 (Windows NT 10.0; Win64; x64) AppleWebKit/537.36 (KHTML, like Gecko) Chrome/83.0.4103.97 Safari/537.36"
::1 - - [18/Jun/2020:15:26:18 +0000] "GET /scripts/home.js HTTP/1.1" 404 154 "http://localhost:1000/home" "Mozilla/5.0 (Windows NT 10.0; Win64; x64) AppleWebKit/537.36 (KHTML, like Gecko) Chrome/83.0.4103.97 Safari/537.36"
::1 - - [18/Jun/2020:15:26:18 +0000] "GET /scripts/ajax/home.js HTTP/1.1" 404 159 "http://localhost:1000/home" "Mozilla/5.0 (Windows NT 10.0; Win64; x64) AppleWebKit/537.36 (KHTML, like Gecko) Chrome/83.0.4103.97 Safari/537.36"
::1 - - [18/Jun/2020:15:51:45 +0000] "GET /home HTTP/1.1" 200 5183 "-" "Mozilla/5.0 (Windows NT 10.0; Win64; x64) AppleWebKit/537.36 (KHTML, like Gecko) Chrome/83.0.4103.97 Safari/537.36"
::1 - - [18/Jun/2020:15:52:01 +0000] "GET /home HTTP/1.1" 304 - "-" "Mozilla/5.0 (Windows NT 10.0; Win64; x64) AppleWebKit/537.36 (KHTML, like Gecko) Chrome/83.0.4103.97 Safari/537.36"
[0mGET /home [32m200[0m 329.213 ms - 50093[0m
::1 - - [18/Jun/2020:15:53:26 +0000] "GET /home HTTP/1.1" 200 5183 "-" "Mozilla/5.0 (Windows NT 10.0; Win64; x64) AppleWebKit/537.36 (KHTML, like Gecko) Chrome/83.0.4103.97 Safari/537.36"
::1 - - [18/Jun/2020:15:53:27 +0000] "GET /post/new-post HTTP/1.1" 302 70 "http://localhost:1000/home" "Mozilla/5.0 (Windows NT 10.0; Win64; x64) AppleWebKit/537.36 (KHTML, like Gecko) Chrome/83.0.4103.97 Safari/537.36"
::1 - - [18/Jun/2020:15:53:27 +0000] "GET /user/sign-in HTTP/1.1" 200 5494 "http://localhost:1000/home" "Mozilla/5.0 (Windows NT 10.0; Win64; x64) AppleWebKit/537.36 (KHTML, like Gecko) Chrome/83.0.4103.97 Safari/537.36"
::1 - - [18/Jun/2020:15:53:28 +0000] "GET /user/css/layout-d41d8cd98f.css HTTP/1.1" 404 169 "http://localhost:1000/user/sign-in" "Mozilla/5.0 (Windows NT 10.0; Win64; x64) AppleWebKit/537.36 (KHTML, like Gecko) Chrome/83.0.4103.97 Safari/537.36"
::1 - - [18/Jun/2020:15:53:28 +0000] "GET /user/css/_header-f5d2d0905a.css HTTP/1.1" 404 170 "http://localhost:1000/user/sign-in" "Mozilla/5.0 (Windows NT 10.0; Win64; x64) AppleWebKit/537.36 (KHTML, like Gecko) Chrome/83.0.4103.97 Safari/537.36"
::1 - - [18/Jun/2020:15:53:28 +0000] "GET /user/css/signin-e364683447.css HTTP/1.1" 404 169 "http://localhost:1000/user/sign-in" "Mozilla/5.0 (Windows NT 10.0; Win64; x64) AppleWebKit/537.36 (KHTML, like Gecko) Chrome/83.0.4103.97 Safari/537.36"
::1 - - [18/Jun/2020:15:53:28 +0000] "GET /user/css/_header-f5d2d0905a.css HTTP/1.1" 404 170 "http://localhost:1000/user/sign-in" "Mozilla/5.0 (Windows NT 10.0; Win64; x64) AppleWebKit/537.36 (KHTML, like Gecko) Chrome/83.0.4103.97 Safari/537.36"
::1 - - [18/Jun/2020:15:53:28 +0000] "GET /user/css/_sideDiv-43fac2f413.css HTTP/1.1" 404 171 "http://localhost:1000/user/sign-in" "Mozilla/5.0 (Windows NT 10.0; Win64; x64) AppleWebKit/537.36 (KHTML, like Gecko) Chrome/83.0.4103.97 Safari/537.36"
::1 - - [18/Jun/2020:15:53:28 +0000] "GET /user/scripts/_sideDiv-2d00231c31.js HTTP/1.1" 404 174 "http://localhost:1000/user/sign-in" "Mozilla/5.0 (Windows NT 10.0; Win64; x64) AppleWebKit/537.36 (KHTML, like Gecko) Chrome/83.0.4103.97 Safari/537.36"
::1 - - [18/Jun/2020:15:53:28 +0000] "GET /user/css/signin-e364683447.css HTTP/1.1" 404 169 "http://localhost:1000/user/sign-in" "Mozilla/5.0 (Windows NT 10.0; Win64; x64) AppleWebKit/537.36 (KHTML, like Gecko) Chrome/83.0.4103.97 Safari/537.36"
::1 - - [18/Jun/2020:15:53:28 +0000] "GET /user/scripts/layout-f0f086010d.js HTTP/1.1" 404 172 "http://localhost:1000/user/sign-in" "Mozilla/5.0 (Windows NT 10.0; Win64; x64) AppleWebKit/537.36 (KHTML, like Gecko) Chrome/83.0.4103.97 Safari/537.36"
::1 - - [18/Jun/2020:15:53:28 +0000] "GET /user/scripts/signin-9a57cbf90d.js HTTP/1.1" 404 172 "http://localhost:1000/user/sign-in" "Mozilla/5.0 (Windows NT 10.0; Win64; x64) AppleWebKit/537.36 (KHTML, like Gecko) Chrome/83.0.4103.97 Safari/537.36"
::1 - - [18/Jun/2020:15:53:30 +0000] "GET /user/sign-in HTTP/1.1" 304 - "http://localhost:1000/home" "Mozilla/5.0 (Windows NT 10.0; Win64; x64) AppleWebKit/537.36 (KHTML, like Gecko) Chrome/83.0.4103.97 Safari/537.36"
::1 - - [18/Jun/2020:15:53:30 +0000] "GET /user/css/layout-d41d8cd98f.css HTTP/1.1" 404 169 "http://localhost:1000/user/sign-in" "Mozilla/5.0 (Windows NT 10.0; Win64; x64) AppleWebKit/537.36 (KHTML, like Gecko) Chrome/83.0.4103.97 Safari/537.36"
::1 - - [18/Jun/2020:15:53:30 +0000] "GET /user/css/_header-f5d2d0905a.css HTTP/1.1" 404 170 "http://localhost:1000/user/sign-in" "Mozilla/5.0 (Windows NT 10.0; Win64; x64) AppleWebKit/537.36 (KHTML, like Gecko) Chrome/83.0.4103.97 Safari/537.36"
::1 - - [18/Jun/2020:15:53:30 +0000] "GET /user/scripts/layout-f0f086010d.js HTTP/1.1" 404 172 "http://localhost:1000/user/sign-in" "Mozilla/5.0 (Windows NT 10.0; Win64; x64) AppleWebKit/537.36 (KHTML, like Gecko) Chrome/83.0.4103.97 Safari/537.36"
::1 - - [18/Jun/2020:15:53:30 +0000] "GET /user/css/_header-f5d2d0905a.css HTTP/1.1" 404 170 "http://localhost:1000/user/sign-in" "Mozilla/5.0 (Windows NT 10.0; Win64; x64) AppleWebKit/537.36 (KHTML, like Gecko) Chrome/83.0.4103.97 Safari/537.36"
::1 - - [18/Jun/2020:15:53:31 +0000] "GET /user/css/_sideDiv-43fac2f413.css HTTP/1.1" 404 171 "http://localhost:1000/user/sign-in" "Mozilla/5.0 (Windows NT 10.0; Win64; x64) AppleWebKit/537.36 (KHTML, like Gecko) Chrome/83.0.4103.97 Safari/537.36"
::1 - - [18/Jun/2020:15:53:31 +0000] "GET /user/scripts/_sideDiv-2d00231c31.js HTTP/1.1" 404 174 "http://localhost:1000/user/sign-in" "Mozilla/5.0 (Windows NT 10.0; Win64; x64) AppleWebKit/537.36 (KHTML, like Gecko) Chrome/83.0.4103.97 Safari/537.36"
::1 - - [18/Jun/2020:15:53:31 +0000] "GET /user/css/signin-e364683447.css HTTP/1.1" 404 169 "http://localhost:1000/user/sign-in" "Mozilla/5.0 (Windows NT 10.0; Win64; x64) AppleWebKit/537.36 (KHTML, like Gecko) Chrome/83.0.4103.97 Safari/537.36"
::1 - - [18/Jun/2020:15:53:31 +0000] "GET /user/scripts/layout-f0f086010d.js HTTP/1.1" 404 172 "http://localhost:1000/user/sign-in" "Mozilla/5.0 (Windows NT 10.0; Win64; x64) AppleWebKit/537.36 (KHTML, like Gecko) Chrome/83.0.4103.97 Safari/537.36"
::1 - - [18/Jun/2020:15:53:31 +0000] "GET /user/scripts/signin-9a57cbf90d.js HTTP/1.1" 404 172 "http://localhost:1000/user/sign-in" "Mozilla/5.0 (Windows NT 10.0; Win64; x64) AppleWebKit/537.36 (KHTML, like Gecko) Chrome/83.0.4103.97 Safari/537.36"
::1 - - [18/Jun/2020:15:53:34 +0000] "GET /user/css/layout-d41d8cd98f.css HTTP/1.1" 404 169 "http://localhost:1000/user/sign-in" "Mozilla/5.0 (Windows NT 10.0; Win64; x64) AppleWebKit/537.36 (KHTML, like Gecko) Chrome/83.0.4103.97 Safari/537.36"
::1 - - [18/Jun/2020:15:53:34 +0000] "GET /user/css/_header-f5d2d0905a.css HTTP/1.1" 404 170 "http://localhost:1000/user/sign-in" "Mozilla/5.0 (Windows NT 10.0; Win64; x64) AppleWebKit/537.36 (KHTML, like Gecko) Chrome/83.0.4103.97 Safari/537.36"
::1 - - [18/Jun/2020:15:54:29 +0000] "GET /home HTTP/1.1" 304 - "http://localhost:1000/home" "Mozilla/5.0 (Windows NT 10.0; Win64; x64) AppleWebKit/537.36 (KHTML, like Gecko) Chrome/83.0.4103.97 Safari/537.36"
::1 - - [18/Jun/2020:15:54:34 +0000] "GET /post/new-post HTTP/1.1" 302 70 "http://localhost:1000/home" "Mozilla/5.0 (Windows NT 10.0; Win64; x64) AppleWebKit/537.36 (KHTML, like Gecko) Chrome/83.0.4103.97 Safari/537.36"
::1 - - [18/Jun/2020:15:54:34 +0000] "GET /user/sign-in HTTP/1.1" 304 - "http://localhost:1000/home" "Mozilla/5.0 (Windows NT 10.0; Win64; x64) AppleWebKit/537.36 (KHTML, like Gecko) Chrome/83.0.4103.97 Safari/537.36"
::1 - - [18/Jun/2020:15:54:34 +0000] "GET /user/css/layout-d41d8cd98f.css HTTP/1.1" 404 169 "http://localhost:1000/user/sign-in" "Mozilla/5.0 (Windows NT 10.0; Win64; x64) AppleWebKit/537.36 (KHTML, like Gecko) Chrome/83.0.4103.97 Safari/537.36"
::1 - - [18/Jun/2020:15:54:34 +0000] "GET /user/css/_header-f5d2d0905a.css HTTP/1.1" 404 170 "http://localhost:1000/user/sign-in" "Mozilla/5.0 (Windows NT 10.0; Win64; x64) AppleWebKit/537.36 (KHTML, like Gecko) Chrome/83.0.4103.97 Safari/537.36"
::1 - - [18/Jun/2020:15:54:34 +0000] "GET /user/scripts/layout-f0f086010d.js HTTP/1.1" 404 172 "http://localhost:1000/user/sign-in" "Mozilla/5.0 (Windows NT 10.0; Win64; x64) AppleWebKit/537.36 (KHTML, like Gecko) Chrome/83.0.4103.97 Safari/537.36"
::1 - - [18/Jun/2020:15:54:34 +0000] "GET /user/css/_header-f5d2d0905a.css HTTP/1.1" 404 170 "http://localhost:1000/user/sign-in" "Mozilla/5.0 (Windows NT 10.0; Win64; x64) AppleWebKit/537.36 (KHTML, like Gecko) Chrome/83.0.4103.97 Safari/537.36"
::1 - - [18/Jun/2020:15:54:34 +0000] "GET /user/css/_sideDiv-43fac2f413.css HTTP/1.1" 404 171 "http://localhost:1000/user/sign-in" "Mozilla/5.0 (Windows NT 10.0; Win64; x64) AppleWebKit/537.36 (KHTML, like Gecko) Chrome/83.0.4103.97 Safari/537.36"
::1 - - [18/Jun/2020:15:54:34 +0000] "GET /user/scripts/_sideDiv-2d00231c31.js HTTP/1.1" 404 174 "http://localhost:1000/user/sign-in" "Mozilla/5.0 (Windows NT 10.0; Win64; x64) AppleWebKit/537.36 (KHTML, like Gecko) Chrome/83.0.4103.97 Safari/537.36"
::1 - - [18/Jun/2020:15:54:34 +0000] "GET /user/css/signin-e364683447.css HTTP/1.1" 404 169 "http://localhost:1000/user/sign-in" "Mozilla/5.0 (Windows NT 10.0; Win64; x64) AppleWebKit/537.36 (KHTML, like Gecko) Chrome/83.0.4103.97 Safari/537.36"
::1 - - [18/Jun/2020:15:54:34 +0000] "GET /user/scripts/layout-f0f086010d.js HTTP/1.1" 404 172 "http://localhost:1000/user/sign-in" "Mozilla/5.0 (Windows NT 10.0; Win64; x64) AppleWebKit/537.36 (KHTML, like Gecko) Chrome/83.0.4103.97 Safari/537.36"
::1 - - [18/Jun/2020:15:54:35 +0000] "GET /user/scripts/signin-9a57cbf90d.js HTTP/1.1" 404 172 "http://localhost:1000/user/sign-in" "Mozilla/5.0 (Windows NT 10.0; Win64; x64) AppleWebKit/537.36 (KHTML, like Gecko) Chrome/83.0.4103.97 Safari/537.36"
::1 - - [18/Jun/2020:15:54:37 +0000] "GET /user/sign-in HTTP/1.1" 304 - "http://localhost:1000/home" "Mozilla/5.0 (Windows NT 10.0; Win64; x64) AppleWebKit/537.36 (KHTML, like Gecko) Chrome/83.0.4103.97 Safari/537.36"
::1 - - [18/Jun/2020:15:54:37 +0000] "GET /user/css/layout-d41d8cd98f.css HTTP/1.1" 404 169 "http://localhost:1000/user/sign-in" "Mozilla/5.0 (Windows NT 10.0; Win64; x64) AppleWebKit/537.36 (KHTML, like Gecko) Chrome/83.0.4103.97 Safari/537.36"
::1 - - [18/Jun/2020:15:54:37 +0000] "GET /user/css/_header-f5d2d0905a.css HTTP/1.1" 404 170 "http://localhost:1000/user/sign-in" "Mozilla/5.0 (Windows NT 10.0; Win64; x64) AppleWebKit/537.36 (KHTML, like Gecko) Chrome/83.0.4103.97 Safari/537.36"
::1 - - [18/Jun/2020:15:54:37 +0000] "GET /user/scripts/_sideDiv-2d00231c31.js HTTP/1.1" 404 174 "http://localhost:1000/user/sign-in" "Mozilla/5.0 (Windows NT 10.0; Win64; x64) AppleWebKit/537.36 (KHTML, like Gecko) Chrome/83.0.4103.97 Safari/537.36"
::1 - - [18/Jun/2020:15:54:37 +0000] "GET /user/scripts/signin-9a57cbf90d.js HTTP/1.1" 404 172 "http://localhost:1000/user/sign-in" "Mozilla/5.0 (Windows NT 10.0; Win64; x64) AppleWebKit/537.36 (KHTML, like Gecko) Chrome/83.0.4103.97 Safari/537.36"
::1 - - [18/Jun/2020:15:54:37 +0000] "GET /user/css/_header-f5d2d0905a.css HTTP/1.1" 404 170 "http://localhost:1000/user/sign-in" "Mozilla/5.0 (Windows NT 10.0; Win64; x64) AppleWebKit/537.36 (KHTML, like Gecko) Chrome/83.0.4103.97 Safari/537.36"
::1 - - [18/Jun/2020:15:54:38 +0000] "GET /user/css/_sideDiv-43fac2f413.css HTTP/1.1" 404 171 "http://localhost:1000/user/sign-in" "Mozilla/5.0 (Windows NT 10.0; Win64; x64) AppleWebKit/537.36 (KHTML, like Gecko) Chrome/83.0.4103.97 Safari/537.36"
::1 - - [18/Jun/2020:15:54:38 +0000] "GET /user/scripts/_sideDiv-2d00231c31.js HTTP/1.1" 404 174 "http://localhost:1000/user/sign-in" "Mozilla/5.0 (Windows NT 10.0; Win64; x64) AppleWebKit/537.36 (KHTML, like Gecko) Chrome/83.0.4103.97 Safari/537.36"
::1 - - [18/Jun/2020:15:54:38 +0000] "GET /user/css/signin-e364683447.css HTTP/1.1" 404 169 "http://localhost:1000/user/sign-in" "Mozilla/5.0 (Windows NT 10.0; Win64; x64) AppleWebKit/537.36 (KHTML, like Gecko) Chrome/83.0.4103.97 Safari/537.36"
::1 - - [18/Jun/2020:15:54:38 +0000] "GET /user/scripts/layout-f0f086010d.js HTTP/1.1" 404 172 "http://localhost:1000/user/sign-in" "Mozilla/5.0 (Windows NT 10.0; Win64; x64) AppleWebKit/537.36 (KHTML, like Gecko) Chrome/83.0.4103.97 Safari/537.36"
::1 - - [18/Jun/2020:15:54:38 +0000] "GET /user/scripts/signin-9a57cbf90d.js HTTP/1.1" 404 172 "http://localhost:1000/user/sign-in" "Mozilla/5.0 (Windows NT 10.0; Win64; x64) AppleWebKit/537.36 (KHTML, like Gecko) Chrome/83.0.4103.97 Safari/537.36"
::1 - - [18/Jun/2020:15:54:43 +0000] "GET /user/sign-iup HTTP/1.1" 404 152 "-" "Mozilla/5.0 (Windows NT 10.0; Win64; x64) AppleWebKit/537.36 (KHTML, like Gecko) Chrome/83.0.4103.97 Safari/537.36"
::1 - - [18/Jun/2020:15:54:47 +0000] "GET /user/sign-up HTTP/1.1" 200 5850 "-" "Mozilla/5.0 (Windows NT 10.0; Win64; x64) AppleWebKit/537.36 (KHTML, like Gecko) Chrome/83.0.4103.97 Safari/537.36"
::1 - - [18/Jun/2020:15:54:47 +0000] "GET /user/css/signup-324eb9409b.css HTTP/1.1" 404 169 "http://localhost:1000/user/sign-up" "Mozilla/5.0 (Windows NT 10.0; Win64; x64) AppleWebKit/537.36 (KHTML, like Gecko) Chrome/83.0.4103.97 Safari/537.36"
::1 - - [18/Jun/2020:15:54:47 +0000] "GET /user/css/layout-d41d8cd98f.css HTTP/1.1" 404 169 "http://localhost:1000/user/sign-up" "Mozilla/5.0 (Windows NT 10.0; Win64; x64) AppleWebKit/537.36 (KHTML, like Gecko) Chrome/83.0.4103.97 Safari/537.36"
::1 - - [18/Jun/2020:15:54:47 +0000] "GET /user/css/_header-f5d2d0905a.css HTTP/1.1" 404 170 "http://localhost:1000/user/sign-up" "Mozilla/5.0 (Windows NT 10.0; Win64; x64) AppleWebKit/537.36 (KHTML, like Gecko) Chrome/83.0.4103.97 Safari/537.36"
::1 - - [18/Jun/2020:15:54:47 +0000] "GET /user/scripts/_sideDiv-2d00231c31.js HTTP/1.1" 404 174 "http://localhost:1000/user/sign-up" "Mozilla/5.0 (Windows NT 10.0; Win64; x64) AppleWebKit/537.36 (KHTML, like Gecko) Chrome/83.0.4103.97 Safari/537.36"
::1 - - [18/Jun/2020:15:54:47 +0000] "GET /user/scripts/layout-f0f086010d.js HTTP/1.1" 404 172 "http://localhost:1000/user/sign-up" "Mozilla/5.0 (Windows NT 10.0; Win64; x64) AppleWebKit/537.36 (KHTML, like Gecko) Chrome/83.0.4103.97 Safari/537.36"
::1 - - [18/Jun/2020:15:54:48 +0000] "GET /user/css/_header-f5d2d0905a.css HTTP/1.1" 404 170 "http://localhost:1000/user/sign-up" "Mozilla/5.0 (Windows NT 10.0; Win64; x64) AppleWebKit/537.36 (KHTML, like Gecko) Chrome/83.0.4103.97 Safari/537.36"
::1 - - [18/Jun/2020:15:54:48 +0000] "GET /user/css/_sideDiv-43fac2f413.css HTTP/1.1" 404 171 "http://localhost:1000/user/sign-up" "Mozilla/5.0 (Windows NT 10.0; Win64; x64) AppleWebKit/537.36 (KHTML, like Gecko) Chrome/83.0.4103.97 Safari/537.36"
::1 - - [18/Jun/2020:15:54:48 +0000] "GET /user/scripts/_sideDiv-2d00231c31.js HTTP/1.1" 404 174 "http://localhost:1000/user/sign-up" "Mozilla/5.0 (Windows NT 10.0; Win64; x64) AppleWebKit/537.36 (KHTML, like Gecko) Chrome/83.0.4103.97 Safari/537.36"
::1 - - [18/Jun/2020:15:54:48 +0000] "GET /user/css/signup-324eb9409b.css HTTP/1.1" 404 169 "http://localhost:1000/user/sign-up" "Mozilla/5.0 (Windows NT 10.0; Win64; x64) AppleWebKit/537.36 (KHTML, like Gecko) Chrome/83.0.4103.97 Safari/537.36"
::1 - - [18/Jun/2020:15:54:48 +0000] "GET /user/scripts/layout-f0f086010d.js HTTP/1.1" 404 172 "http://localhost:1000/user/sign-up" "Mozilla/5.0 (Windows NT 10.0; Win64; x64) AppleWebKit/537.36 (KHTML, like Gecko) Chrome/83.0.4103.97 Safari/537.36"
::1 - - [18/Jun/2020:15:54:48 +0000] "GET /user/scripts/signup-4fa663b16d.js HTTP/1.1" 404 172 "http://localhost:1000/user/sign-up" "Mozilla/5.0 (Windows NT 10.0; Win64; x64) AppleWebKit/537.36 (KHTML, like Gecko) Chrome/83.0.4103.97 Safari/537.36"
::1 - - [18/Jun/2020:15:54:48 +0000] "GET /user/scripts/ajax/signup-606a74ccb0.js HTTP/1.1" 404 177 "http://localhost:1000/user/sign-up" "Mozilla/5.0 (Windows NT 10.0; Win64; x64) AppleWebKit/537.36 (KHTML, like Gecko) Chrome/83.0.4103.97 Safari/537.36"
::1 - - [18/Jun/2020:15:55:43 +0000] "GET /user/sign-up HTTP/1.1" 200 5858 "-" "Mozilla/5.0 (Windows NT 10.0; Win64; x64) AppleWebKit/537.36 (KHTML, like Gecko) Chrome/83.0.4103.97 Safari/537.36"
::1 - - [18/Jun/2020:15:55:44 +0000] "GET /photos/notebook.jpg HTTP/1.1" 404 158 "http://localhost:1000/css/signup-324eb9409b.css" "Mozilla/5.0 (Windows NT 10.0; Win64; x64) AppleWebKit/537.36 (KHTML, like Gecko) Chrome/83.0.4103.97 Safari/537.36"
::1 - - [18/Jun/2020:15:55:55 +0000] "GET /user/sign-up HTTP/1.1" 304 - "-" "Mozilla/5.0 (Windows NT 10.0; Win64; x64) AppleWebKit/537.36 (KHTML, like Gecko) Chrome/83.0.4103.97 Safari/537.36"
::1 - - [18/Jun/2020:15:55:56 +0000] "GET /photos/notebook.jpg HTTP/1.1" 404 158 "http://localhost:1000/css/signup-324eb9409b.css" "Mozilla/5.0 (Windows NT 10.0; Win64; x64) AppleWebKit/537.36 (KHTML, like Gecko) Chrome/83.0.4103.97 Safari/537.36"
::1 - - [18/Jun/2020:15:58:35 +0000] "GET /user/sign-in HTTP/1.1" 200 5501 "http://localhost:1000/user/sign-up" "Mozilla/5.0 (Windows NT 10.0; Win64; x64) AppleWebKit/537.36 (KHTML, like Gecko) Chrome/83.0.4103.97 Safari/537.36"
::1 - - [18/Jun/2020:15:58:36 +0000] "GET /photos/purple-mountains.jpg HTTP/1.1" 404 166 "http://localhost:1000/css/signin-e364683447.css" "Mozilla/5.0 (Windows NT 10.0; Win64; x64) AppleWebKit/537.36 (KHTML, like Gecko) Chrome/83.0.4103.97 Safari/537.36"
::1 - - [18/Jun/2020:16:03:33 +0000] "GET /user/sign-in HTTP/1.1" 304 - "http://localhost:1000/user/sign-up" "Mozilla/5.0 (Windows NT 10.0; Win64; x64) AppleWebKit/537.36 (KHTML, like Gecko) Chrome/83.0.4103.97 Safari/537.36"
::1 - - [18/Jun/2020:16:04:59 +0000] "GET /user/sign-in HTTP/1.1" 304 - "http://localhost:1000/user/sign-up" "Mozilla/5.0 (Windows NT 10.0; Win64; x64) AppleWebKit/537.36 (KHTML, like Gecko) Chrome/83.0.4103.97 Safari/537.36"
::1 - - [18/Jun/2020:16:05:03 +0000] "GET /user/sign-up HTTP/1.1" 304 - "http://localhost:1000/user/sign-in" "Mozilla/5.0 (Windows NT 10.0; Win64; x64) AppleWebKit/537.36 (KHTML, like Gecko) Chrome/83.0.4103.97 Safari/537.36"
::1 - - [18/Jun/2020:16:05:04 +0000] "GET /photos/notebook.jpg HTTP/1.1" 404 158 "http://localhost:1000/css/signup-324eb9409b.css" "Mozilla/5.0 (Windows NT 10.0; Win64; x64) AppleWebKit/537.36 (KHTML, like Gecko) Chrome/83.0.4103.97 Safari/537.36"
::1 - - [18/Jun/2020:16:05:06 +0000] "GET /user/sign-in HTTP/1.1" 304 - "http://localhost:1000/user/sign-up" "Mozilla/5.0 (Windows NT 10.0; Win64; x64) AppleWebKit/537.36 (KHTML, like Gecko) Chrome/83.0.4103.97 Safari/537.36"
::1 - - [18/Jun/2020:16:10:26 +0000] "GET /home HTTP/1.1" 200 5191 "http://localhost:1000/user/sign-in" "Mozilla/5.0 (Windows NT 10.0; Win64; x64) AppleWebKit/537.36 (KHTML, like Gecko) Chrome/83.0.4103.97 Safari/537.36"
::1 - - [18/Jun/2020:16:10:28 +0000] "GET /user/sign-in HTTP/1.1" 304 - "http://localhost:1000/home" "Mozilla/5.0 (Windows NT 10.0; Win64; x64) AppleWebKit/537.36 (KHTML, like Gecko) Chrome/83.0.4103.97 Safari/537.36"
::1 - - [18/Jun/2020:16:10:28 +0000] "GET /css/signin-e364683447.css HTTP/1.1" 404 164 "http://localhost:1000/user/sign-in" "Mozilla/5.0 (Windows NT 10.0; Win64; x64) AppleWebKit/537.36 (KHTML, like Gecko) Chrome/83.0.4103.97 Safari/537.36"
::1 - - [18/Jun/2020:16:10:28 +0000] "GET /css/signin-e364683447.css HTTP/1.1" 404 164 "http://localhost:1000/user/sign-in" "Mozilla/5.0 (Windows NT 10.0; Win64; x64) AppleWebKit/537.36 (KHTML, like Gecko) Chrome/83.0.4103.97 Safari/537.36"
::1 - - [18/Jun/2020:16:10:32 +0000] "GET /user/sign-up HTTP/1.1" 304 - "http://localhost:1000/user/sign-in" "Mozilla/5.0 (Windows NT 10.0; Win64; x64) AppleWebKit/537.36 (KHTML, like Gecko) Chrome/83.0.4103.97 Safari/537.36"
::1 - - [18/Jun/2020:16:10:32 +0000] "GET /css/signup-324eb9409b.css HTTP/1.1" 404 164 "http://localhost:1000/user/sign-up" "Mozilla/5.0 (Windows NT 10.0; Win64; x64) AppleWebKit/537.36 (KHTML, like Gecko) Chrome/83.0.4103.97 Safari/537.36"
::1 - - [18/Jun/2020:16:10:32 +0000] "GET /css/signup-324eb9409b.css HTTP/1.1" 404 164 "http://localhost:1000/user/sign-up" "Mozilla/5.0 (Windows NT 10.0; Win64; x64) AppleWebKit/537.36 (KHTML, like Gecko) Chrome/83.0.4103.97 Safari/537.36"
::1 - - [18/Jun/2020:16:10:43 +0000] "GET /css/signup-324eb9409b.css HTTP/1.1" 404 164 "http://localhost:1000/user/sign-up" "Mozilla/5.0 (Windows NT 10.0; Win64; x64) AppleWebKit/537.36 (KHTML, like Gecko) Chrome/83.0.4103.97 Safari/537.36"
[0mGET /home [32m200[0m 231.940 ms - 50093[0m
[0mGET /user/sign-out [36m302[0m 75.388 ms - 58[0m
[0mGET /user/sign-in [36m302[0m 37.519 ms - 54[0m
[0mGET /home [32m200[0m 29.015 ms - 5095[0m
[0mGET /user/sign-in [32m200[0m 35.057 ms - 5417[0m
[0mGET /user/css/_sideDiv.css [33m404[0m 18.378 ms - 160[0m
[0mGET /user/css/layout.css [33m404[0m 20.724 ms - 158[0m
[0mGET /user/css/signin.css [33m404[0m 18.315 ms - 158[0m
[0mGET /user/scripts/_sideDiv.js [33m404[0m 30.731 ms - 163[0m
[0mGET /user/scripts/signin.js [33m404[0m 23.737 ms - 161[0m
[0mGET /user/css/_header.css [33m404[0m 2.064 ms - 159[0m
[0mGET /user/css/_sideDiv.css [33m404[0m 2.422 ms - 160[0m
[0mGET /user/scripts/_sideDiv.js [33m404[0m 18.619 ms - 163[0m
[0mGET /user/css/signin.css [33m404[0m 6.496 ms - 158[0m
[0mGET /user/scripts/layout.js [33m404[0m 6.246 ms - 161[0m
[0mGET /user/scripts/signin.js [33m404[0m 7.727 ms - 161[0m
[0mGET /user/css/layout.css [33m404[0m 7.520 ms - 158[0m
[0mGET /user/css/_header.css [33m404[0m 11.210 ms - 159[0m
[0mGET /user/css/_sideDiv.css [33m404[0m 93.615 ms - 160[0m
[0mGET /user/css/signin.css [33m404[0m 136.183 ms - 158[0m
[0mGET /user/sign-in [32m200[0m 127.636 ms - 5424[0m
[0mGET /user/sign-up [32m200[0m 16.758 ms - 5770[0m
[0mGET /user/sign-in [36m304[0m 26.636 ms - -[0m
::1 - - [18/Jun/2020:16:13:47 +0000] "GET /user/sign-in HTTP/1.1" 200 5501 "http://localhost:1000/user/sign-up" "Mozilla/5.0 (Windows NT 10.0; Win64; x64) AppleWebKit/537.36 (KHTML, like Gecko) Chrome/83.0.4103.97 Safari/537.36"
::1 - - [18/Jun/2020:16:13:47 +0000] "GET /css/signin-e364683447.css HTTP/1.1" 404 164 "http://localhost:1000/user/sign-in" "Mozilla/5.0 (Windows NT 10.0; Win64; x64) AppleWebKit/537.36 (KHTML, like Gecko) Chrome/83.0.4103.97 Safari/537.36"
::1 - - [18/Jun/2020:16:13:47 +0000] "GET /css/signin-e364683447.css HTTP/1.1" 404 164 "http://localhost:1000/user/sign-in" "Mozilla/5.0 (Windows NT 10.0; Win64; x64) AppleWebKit/537.36 (KHTML, like Gecko) Chrome/83.0.4103.97 Safari/537.36"
::1 - - [18/Jun/2020:16:13:52 +0000] "GET /css/signin-e364683447.css HTTP/1.1" 404 164 "http://localhost:1000/user/sign-in" "Mozilla/5.0 (Windows NT 10.0; Win64; x64) AppleWebKit/537.36 (KHTML, like Gecko) Chrome/83.0.4103.97 Safari/537.36"
::1 - - [18/Jun/2020:16:14:50 +0000] "GET /user/sign-in HTTP/1.1" 200 5501 "http://localhost:1000/user/sign-up" "Mozilla/5.0 (Windows NT 10.0; Win64; x64) AppleWebKit/537.36 (KHTML, like Gecko) Chrome/83.0.4103.97 Safari/537.36"
::1 - - [18/Jun/2020:16:14:50 +0000] "GET /css/signin-e364683447.css HTTP/1.1" 404 164 "http://localhost:1000/user/sign-in" "Mozilla/5.0 (Windows NT 10.0; Win64; x64) AppleWebKit/537.36 (KHTML, like Gecko) Chrome/83.0.4103.97 Safari/537.36"
::1 - - [18/Jun/2020:16:14:52 +0000] "GET /css/signin-e364683447.css HTTP/1.1" 404 164 "http://localhost:1000/user/sign-in" "Mozilla/5.0 (Windows NT 10.0; Win64; x64) AppleWebKit/537.36 (KHTML, like Gecko) Chrome/83.0.4103.97 Safari/537.36"
::1 - - [18/Jun/2020:16:14:54 +0000] "GET /favicon.ico HTTP/1.1" 404 150 "http://localhost:1000/user/sign-in" "Mozilla/5.0 (Windows NT 10.0; Win64; x64) AppleWebKit/537.36 (KHTML, like Gecko) Chrome/83.0.4103.97 Safari/537.36"
::1 - - [18/Jun/2020:16:15:42 +0000] "GET /user/sign-in HTTP/1.1" 500 2640 "http://localhost:1000/user/sign-up" "Mozilla/5.0 (Windows NT 10.0; Win64; x64) AppleWebKit/537.36 (KHTML, like Gecko) Chrome/83.0.4103.97 Safari/537.36"
::1 - - [18/Jun/2020:16:16:15 +0000] "GET /user/sign-in HTTP/1.1" 200 5501 "http://localhost:1000/user/sign-up" "Mozilla/5.0 (Windows NT 10.0; Win64; x64) AppleWebKit/537.36 (KHTML, like Gecko) Chrome/83.0.4103.97 Safari/537.36"
::1 - - [18/Jun/2020:16:16:18 +0000] "GET /user/sign-up HTTP/1.1" 200 5858 "http://localhost:1000/user/sign-in" "Mozilla/5.0 (Windows NT 10.0; Win64; x64) AppleWebKit/537.36 (KHTML, like Gecko) Chrome/83.0.4103.97 Safari/537.36"
::1 - - [18/Jun/2020:16:16:52 +0000] "GET /user/sign-up HTTP/1.1" 304 - "http://localhost:1000/user/sign-in" "Mozilla/5.0 (Windows NT 10.0; Win64; x64) AppleWebKit/537.36 (KHTML, like Gecko) Chrome/83.0.4103.97 Safari/537.36"
::1 - - [18/Jun/2020:16:16:56 +0000] "GET /user/sign-up HTTP/1.1" 304 - "http://localhost:1000/user/sign-in" "Mozilla/5.0 (Windows NT 10.0; Win64; x64) AppleWebKit/537.36 (KHTML, like Gecko) Chrome/83.0.4103.97 Safari/537.36"
::1 - - [18/Jun/2020:16:16:59 +0000] "GET /user/sign-in HTTP/1.1" 304 - "http://localhost:1000/user/sign-up" "Mozilla/5.0 (Windows NT 10.0; Win64; x64) AppleWebKit/537.36 (KHTML, like Gecko) Chrome/83.0.4103.97 Safari/537.36"
::1 - - [18/Jun/2020:16:18:52 +0000] "GET /user/sign-in HTTP/1.1" 304 - "http://localhost:1000/user/sign-up" "Mozilla/5.0 (Windows NT 10.0; Win64; x64) AppleWebKit/537.36 (KHTML, like Gecko) Chrome/83.0.4103.97 Safari/537.36"
::1 - - [18/Jun/2020:16:19:00 +0000] "GET /user/sign-in HTTP/1.1" 304 - "http://localhost:1000/user/sign-up" "Mozilla/5.0 (Windows NT 10.0; Win64; x64) AppleWebKit/537.36 (KHTML, like Gecko) Chrome/83.0.4103.97 Safari/537.36"
::1 - - [18/Jun/2020:16:19:02 +0000] "GET /home HTTP/1.1" 200 5191 "http://localhost:1000/user/sign-in" "Mozilla/5.0 (Windows NT 10.0; Win64; x64) AppleWebKit/537.36 (KHTML, like Gecko) Chrome/83.0.4103.97 Safari/537.36"
::1 - - [18/Jun/2020:16:19:03 +0000] "GET /user/sign-in HTTP/1.1" 304 - "http://localhost:1000/home" "Mozilla/5.0 (Windows NT 10.0; Win64; x64) AppleWebKit/537.36 (KHTML, like Gecko) Chrome/83.0.4103.97 Safari/537.36"
::ffff:127.0.0.1 - - [18/Jun/2020:16:20:02 +0000] "GET /user/sign-in HTTP/1.1" 304 - "http://localhost:1000/home" "Mozilla/5.0 (Windows NT 10.0; Win64; x64) AppleWebKit/537.36 (KHTML, like Gecko) Chrome/83.0.4103.97 Safari/537.36"
::ffff:127.0.0.1 - - [18/Jun/2020:16:20:10 +0000] "GET /user/sign-in HTTP/1.1" 304 - "http://localhost:1000/home" "Mozilla/5.0 (Windows NT 10.0; Win64; x64) AppleWebKit/537.36 (KHTML, like Gecko) Chrome/83.0.4103.97 Safari/537.36"
::1 - - [18/Jun/2020:16:21:11 +0000] "GET /home HTTP/1.1" 304 - "http://localhost:1000/user/sign-in" "Mozilla/5.0 (Windows NT 10.0; Win64; x64) AppleWebKit/537.36 (KHTML, like Gecko) Chrome/83.0.4103.97 Safari/537.36"
::1 - - [18/Jun/2020:16:21:15 +0000] "GET /home HTTP/1.1" 304 - "http://localhost:1000/home" "Mozilla/5.0 (Windows NT 10.0; Win64; x64) AppleWebKit/537.36 (KHTML, like Gecko) Chrome/83.0.4103.97 Safari/537.36"
::1 - - [18/Jun/2020:16:21:16 +0000] "GET /user/sign-in HTTP/1.1" 304 - "http://localhost:1000/home" "Mozilla/5.0 (Windows NT 10.0; Win64; x64) AppleWebKit/537.36 (KHTML, like Gecko) Chrome/83.0.4103.97 Safari/537.36"
::1 - - [18/Jun/2020:16:21:19 +0000] "GET /user/sign-up HTTP/1.1" 304 - "http://localhost:1000/user/sign-in" "Mozilla/5.0 (Windows NT 10.0; Win64; x64) AppleWebKit/537.36 (KHTML, like Gecko) Chrome/83.0.4103.97 Safari/537.36"
::1 - - [18/Jun/2020:16:22:12 +0000] "GET /user/sign-up HTTP/1.1" 200 5858 "http://localhost:1000/user/sign-in" "Mozilla/5.0 (Windows NT 10.0; Win64; x64) AppleWebKit/537.36 (KHTML, like Gecko) Chrome/83.0.4103.97 Safari/537.36"
::1 - - [18/Jun/2020:16:22:16 +0000] "GET /user/sign-in HTTP/1.1" 304 - "http://localhost:1000/user/sign-up" "Mozilla/5.0 (Windows NT 10.0; Win64; x64) AppleWebKit/537.36 (KHTML, like Gecko) Chrome/83.0.4103.97 Safari/537.36"
::1 - - [18/Jun/2020:16:22:19 +0000] "POST /user/create-session HTTP/1.1" 302 70 "http://localhost:1000/user/sign-in" "Mozilla/5.0 (Windows NT 10.0; Win64; x64) AppleWebKit/537.36 (KHTML, like Gecko) Chrome/83.0.4103.97 Safari/537.36"
::1 - - [18/Jun/2020:16:22:19 +0000] "GET /user/sign-in HTTP/1.1" 304 - "http://localhost:1000/user/sign-in" "Mozilla/5.0 (Windows NT 10.0; Win64; x64) AppleWebKit/537.36 (KHTML, like Gecko) Chrome/83.0.4103.97 Safari/537.36"
::1 - - [18/Jun/2020:16:22:30 +0000] "GET /home HTTP/1.1" 304 - "http://localhost:1000/user/sign-in" "Mozilla/5.0 (Windows NT 10.0; Win64; x64) AppleWebKit/537.36 (KHTML, like Gecko) Chrome/83.0.4103.97 Safari/537.36"
::1 - - [18/Jun/2020:16:22:30 +0000] "POST /user/create-session HTTP/1.1" 302 54 "http://localhost:1000/user/sign-in" "Mozilla/5.0 (Windows NT 10.0; Win64; x64) AppleWebKit/537.36 (KHTML, like Gecko) Chrome/83.0.4103.97 Safari/537.36"
::1 - - [18/Jun/2020:16:22:36 +0000] "GET /home HTTP/1.1" 200 5549 "http://localhost:1000/user/sign-in" "Mozilla/5.0 (Windows NT 10.0; Win64; x64) AppleWebKit/537.36 (KHTML, like Gecko) Chrome/83.0.4103.97 Safari/537.36"
::1 - - [18/Jun/2020:16:22:40 +0000] "GET /user/sign-out HTTP/1.1" 302 58 "http://localhost:1000/home" "Mozilla/5.0 (Windows NT 10.0; Win64; x64) AppleWebKit/537.36 (KHTML, like Gecko) Chrome/83.0.4103.97 Safari/537.36"
::1 - - [18/Jun/2020:16:22:40 +0000] "GET /user/sign-in HTTP/1.1" 304 - "http://localhost:1000/home" "Mozilla/5.0 (Windows NT 10.0; Win64; x64) AppleWebKit/537.36 (KHTML, like Gecko) Chrome/83.0.4103.97 Safari/537.36"
::1 - - [18/Jun/2020:16:24:07 +0000] "GET /user/sign-in HTTP/1.1" 304 - "http://localhost:1000/home" "Mozilla/5.0 (Windows NT 10.0; Win64; x64) AppleWebKit/537.36 (KHTML, like Gecko) Chrome/83.0.4103.97 Safari/537.36"
::1 - - [18/Jun/2020:16:24:09 +0000] "GET /home HTTP/1.1" 200 5191 "http://localhost:1000/user/sign-in" "Mozilla/5.0 (Windows NT 10.0; Win64; x64) AppleWebKit/537.36 (KHTML, like Gecko) Chrome/83.0.4103.97 Safari/537.36"
::1 - - [18/Jun/2020:16:24:11 +0000] "GET /user/sign-in HTTP/1.1" 304 - "http://localhost:1000/home" "Mozilla/5.0 (Windows NT 10.0; Win64; x64) AppleWebKit/537.36 (KHTML, like Gecko) Chrome/83.0.4103.97 Safari/537.36"
::1 - - [18/Jun/2020:16:24:12 +0000] "GET /user/sign-up HTTP/1.1" 304 - "http://localhost:1000/user/sign-in" "Mozilla/5.0 (Windows NT 10.0; Win64; x64) AppleWebKit/537.36 (KHTML, like Gecko) Chrome/83.0.4103.97 Safari/537.36"
::1 - - [18/Jun/2020:16:24:19 +0000] "POST /user/sendOTP HTTP/1.1" 200 46 "http://localhost:1000/user/sign-up" "Mozilla/5.0 (Windows NT 10.0; Win64; x64) AppleWebKit/537.36 (KHTML, like Gecko) Chrome/83.0.4103.97 Safari/537.36"
[0mGET /user/sign-up [32m200[0m 128.797 ms - 5770[0m
[0mGET /user/sign-in [32m200[0m 24.881 ms - 5424[0m
[0mGET /home [32m200[0m 74.109 ms - 5103[0m
[0mPOST /user/create-session [36m302[0m 186.427 ms - 54[0m
[0mGET /home [32m200[0m 300.230 ms - 50101[0m
[0mGET /home [36m304[0m 277.247 ms - -[0m
[0mGET /home [36m304[0m 163.629 ms - -[0m
[0mGET /user/sign-out [36m302[0m 36.378 ms - 58[0m
[0mGET /user/sign-in [36m304[0m 13.564 ms - -[0m
[0mPOST /user/create-session [36m302[0m 20.328 ms - 54[0m
[0mGET /home [36m304[0m 237.134 ms - -[0m
[0mGET /home [36m304[0m 181.909 ms - -[0m
::1 - - [18/Jun/2020:17:05:45 +0000] "GET /home HTTP/1.1" 200 5191 "http://localhost:1000/user/sign-in" "Mozilla/5.0 (Windows NT 10.0; Win64; x64) AppleWebKit/537.36 (KHTML, like Gecko) Chrome/83.0.4103.97 Safari/537.36"
[0mGET /home [32m200[0m 178.159 ms - 50101[0m
[0mGET /home [36m304[0m 273.589 ms - -[0m
[0mGET /home [0m-[0m - ms - -[0m
[0mGET /home [32m200[0m 196.453 ms - 50101[0m
[0mGET /home [36m304[0m 153.828 ms - -[0m
[0mGET /home [36m304[0m 84.099 ms - -[0m
[0mGET /home [36m304[0m 130.026 ms - -[0m
[0mGET /home [36m304[0m 61.336 ms - -[0m
[0mGET /home [36m304[0m 96.299 ms - -[0m
[0mGET /home [0m-[0m - ms - -[0m
[0mGET /home [32m200[0m 54.654 ms - 50101[0m
[0mGET /home [36m304[0m 78.450 ms - -[0m
[0mGET /home [36m304[0m 68.340 ms - -[0m
[0mGET /home [36m304[0m 56.153 ms - -[0m
[0mGET /home [36m304[0m 53.690 ms - -[0m
[0mGET /home [36m304[0m 56.205 ms - -[0m
[0mGET /home [36m304[0m 62.651 ms - -[0m
[0mGET /home [36m304[0m 99.270 ms - -[0m
[0mGET /home [36m304[0m 69.304 ms - -[0m
[0mGET /home [36m304[0m 55.736 ms - -[0m
[0mGET /home [36m304[0m 49.555 ms - -[0m
[0mGET /home [36m304[0m 87.002 ms - -[0m
[0mGET /home [36m304[0m 72.911 ms - -[0m
[0mGET /home [36m304[0m 59.274 ms - -[0m
[0mGET /home [36m304[0m 60.573 ms - -[0m
[0mGET /home [36m304[0m 174.569 ms - -[0m
::1 - - [18/Jun/2020:17:37:49 +0000] "GET /home HTTP/1.1" 200 5191 "http://localhost:1000/user/sign-in" "Mozilla/5.0 (Windows NT 10.0; Win64; x64) AppleWebKit/537.36 (KHTML, like Gecko) Chrome/83.0.4103.97 Safari/537.36"
::1 - - [18/Jun/2020:17:38:14 +0000] "GET /home HTTP/1.1" 304 - "http://localhost:1000/user/sign-in" "Mozilla/5.0 (Windows NT 10.0; Win64; x64) AppleWebKit/537.36 (KHTML, like Gecko) Chrome/83.0.4103.97 Safari/537.36"
::1 - - [18/Jun/2020:17:40:36 +0000] "GET /home HTTP/1.1" 304 - "http://localhost:1000/user/sign-in" "Mozilla/5.0 (Windows NT 10.0; Win64; x64) AppleWebKit/537.36 (KHTML, like Gecko) Chrome/83.0.4103.97 Safari/537.36"
[0mGET /home [32m200[0m 143.663 ms - 50101[0m
::1 - - [18/Jun/2020:17:41:26 +0000] "GET /home HTTP/1.1" 200 5191 "http://localhost:1000/user/sign-in" "Mozilla/5.0 (Windows NT 10.0; Win64; x64) AppleWebKit/537.36 (KHTML, like Gecko) Chrome/83.0.4103.97 Safari/537.36"
::1 - - [18/Jun/2020:17:42:41 +0000] "GET /home HTTP/1.1" 304 - "http://localhost:1000/home" "Mozilla/5.0 (Windows NT 10.0; Win64; x64) AppleWebKit/537.36 (KHTML, like Gecko) Chrome/83.0.4103.97 Safari/537.36"
::1 - - [18/Jun/2020:17:42:44 +0000] "GET /user/sign-in HTTP/1.1" 200 5501 "http://localhost:1000/home" "Mozilla/5.0 (Windows NT 10.0; Win64; x64) AppleWebKit/537.36 (KHTML, like Gecko) Chrome/83.0.4103.97 Safari/537.36"
::1 - - [18/Jun/2020:17:42:49 +0000] "POST /user/create-session HTTP/1.1" 302 70 "http://localhost:1000/user/sign-in" "Mozilla/5.0 (Windows NT 10.0; Win64; x64) AppleWebKit/537.36 (KHTML, like Gecko) Chrome/83.0.4103.97 Safari/537.36"
::1 - - [18/Jun/2020:17:42:49 +0000] "GET /user/sign-in HTTP/1.1" 304 - "http://localhost:1000/user/sign-in" "Mozilla/5.0 (Windows NT 10.0; Win64; x64) AppleWebKit/537.36 (KHTML, like Gecko) Chrome/83.0.4103.97 Safari/537.36"
::1 - - [18/Jun/2020:17:42:51 +0000] "POST /user/create-session HTTP/1.1" 302 70 "http://localhost:1000/user/sign-in" "Mozilla/5.0 (Windows NT 10.0; Win64; x64) AppleWebKit/537.36 (KHTML, like Gecko) Chrome/83.0.4103.97 Safari/537.36"
::1 - - [18/Jun/2020:17:42:51 +0000] "GET /user/sign-in HTTP/1.1" 304 - "http://localhost:1000/user/sign-in" "Mozilla/5.0 (Windows NT 10.0; Win64; x64) AppleWebKit/537.36 (KHTML, like Gecko) Chrome/83.0.4103.97 Safari/537.36"
::1 - - [18/Jun/2020:17:42:53 +0000] "POST /user/create-session HTTP/1.1" 302 70 "http://localhost:1000/user/sign-in" "Mozilla/5.0 (Windows NT 10.0; Win64; x64) AppleWebKit/537.36 (KHTML, like Gecko) Chrome/83.0.4103.97 Safari/537.36"
::1 - - [18/Jun/2020:17:42:53 +0000] "GET /user/sign-in HTTP/1.1" 304 - "http://localhost:1000/user/sign-in" "Mozilla/5.0 (Windows NT 10.0; Win64; x64) AppleWebKit/537.36 (KHTML, like Gecko) Chrome/83.0.4103.97 Safari/537.36"
::1 - - [18/Jun/2020:17:43:27 +0000] "GET /user/sign-in HTTP/1.1" 304 - "http://localhost:1000/user/sign-in" "Mozilla/5.0 (Windows NT 10.0; Win64; x64) AppleWebKit/537.36 (KHTML, like Gecko) Chrome/83.0.4103.97 Safari/537.36"
::1 - - [18/Jun/2020:17:43:48 +0000] "GET /user/sign-in HTTP/1.1" 304 - "http://localhost:1000/user/sign-in" "Mozilla/5.0 (Windows NT 10.0; Win64; x64) AppleWebKit/537.36 (KHTML, like Gecko) Chrome/83.0.4103.97 Safari/537.36"
::1 - - [18/Jun/2020:17:43:51 +0000] "POST /user/create-session HTTP/1.1" 302 70 "http://localhost:1000/user/sign-in" "Mozilla/5.0 (Windows NT 10.0; Win64; x64) AppleWebKit/537.36 (KHTML, like Gecko) Chrome/83.0.4103.97 Safari/537.36"
::1 - - [18/Jun/2020:17:43:51 +0000] "GET /user/sign-in HTTP/1.1" 304 - "http://localhost:1000/user/sign-in" "Mozilla/5.0 (Windows NT 10.0; Win64; x64) AppleWebKit/537.36 (KHTML, like Gecko) Chrome/83.0.4103.97 Safari/537.36"
::1 - - [18/Jun/2020:17:44:59 +0000] "POST /user/create-session HTTP/1.1" 302 70 "http://localhost:1000/user/sign-in" "Mozilla/5.0 (Windows NT 10.0; Win64; x64) AppleWebKit/537.36 (KHTML, like Gecko) Chrome/83.0.4103.97 Safari/537.36"
::1 - - [18/Jun/2020:17:44:59 +0000] "GET /user/sign-in HTTP/1.1" 304 - "http://localhost:1000/user/sign-in" "Mozilla/5.0 (Windows NT 10.0; Win64; x64) AppleWebKit/537.36 (KHTML, like Gecko) Chrome/83.0.4103.97 Safari/537.36"
[0mGET /user/sign-in [36m302[0m 64.723 ms - 54[0m
[0mGET /home [32m200[0m 87.463 ms - 50101[0m
::1 - - [18/Jun/2020:17:47:15 +0000] "GET /home HTTP/1.1" 200 5191 "http://localhost:1000/user/sign-in" "Mozilla/5.0 (Windows NT 10.0; Win64; x64) AppleWebKit/537.36 (KHTML, like Gecko) Chrome/83.0.4103.97 Safari/537.36"
[0mGET /home [32m200[0m 121.878 ms - 50101[0m
